Using pre-set license
Built from '2021.3/staging' branch; Version is '2021.3.1f1 (3b70a0754835) revision 3895456'; Using compiler version '192829333'; Build Type 'Release'
OS: 'Windows 10  (10.0.18363) 64bit Core' Language: 'en' Physical Memory: 8051 MB
BatchMode: 1, IsHumanControllingUs: 0, StartBugReporterOnCrash: 0, Is64bit: 1, IsPro: 1

COMMAND LINE ARGUMENTS:
D:\UNITY\2021.3.1f1\Editor\Unity.exe
-adb2
-batchMode
-noUpm
-name
AssetImportWorker3
-projectPath
D:/DT228/games engine/Games-Engines-2-Assignment-main/Space War
-logFile
Logs/AssetImportWorker3.log
-srvPort
2331
Successfully changed project path to: D:/DT228/games engine/Games-Engines-2-Assignment-main/Space War
D:/DT228/games engine/Games-Engines-2-Assignment-main/Space War
[UnityMemory] Configuration Parameters - Can be set up in boot.config
    "memorysetup-bucket-allocator-granularity=16"
    "memorysetup-bucket-allocator-bucket-count=8"
    "memorysetup-bucket-allocator-block-size=33554432"
    "memorysetup-bucket-allocator-block-count=8"
    "memorysetup-main-allocator-block-size=16777216"
    "memorysetup-thread-allocator-block-size=16777216"
    "memorysetup-gfx-main-allocator-block-size=16777216"
    "memorysetup-gfx-thread-allocator-block-size=16777216"
    "memorysetup-cache-allocator-block-size=4194304"
    "memorysetup-typetree-allocator-block-size=2097152"
    "memorysetup-profiler-bucket-allocator-granularity=16"
    "memorysetup-profiler-bucket-allocator-bucket-count=8"
    "memorysetup-profiler-bucket-allocator-block-size=33554432"
    "memorysetup-profiler-bucket-allocator-block-count=8"
    "memorysetup-profiler-allocator-block-size=16777216"
    "memorysetup-profiler-editor-allocator-block-size=1048576"
    "memorysetup-temp-allocator-size-main=16777216"
    "memorysetup-job-temp-allocator-block-size=2097152"
    "memorysetup-job-temp-allocator-block-size-background=1048576"
    "memorysetup-job-temp-allocator-reduction-small-platforms=262144"
    "memorysetup-temp-allocator-size-background-worker=32768"
    "memorysetup-temp-allocator-size-job-worker=262144"
    "memorysetup-temp-allocator-size-preload-manager=33554432"
    "memorysetup-temp-allocator-size-nav-mesh-worker=65536"
    "memorysetup-temp-allocator-size-audio-worker=65536"
    "memorysetup-temp-allocator-size-cloud-worker=32768"
    "memorysetup-temp-allocator-size-gi-baking-worker=262144"
    "memorysetup-temp-allocator-size-gfx=262144"
Refreshing native plugins compatible for Editor in 35.39 ms, found 2 plugins.
Preloading 0 native plugins for Editor in 0.00 ms.
Initialize engine version: 2021.3.1f1 (3b70a0754835)
[Subsystems] Discovering subsystems at path D:/UNITY/2021.3.1f1/Editor/Data/Resources/UnitySubsystems
[Subsystems] Discovering subsystems at path D:/DT228/games engine/Games-Engines-2-Assignment-main/Space War/Assets
GfxDevice: creating device client; threaded=0; jobified=0
Direct3D:
    Version:  Direct3D 11.0 [level 11.1]
    Renderer: NVIDIA GeForce GTX 1050 Ti (ID=0x1c8c)
    Vendor:   NVIDIA
    VRAM:     4018 MB
    Driver:   30.0.15.1169
Initialize mono
Mono path[0] = 'D:/UNITY/2021.3.1f1/Editor/Data/Managed'
Mono path[1] = 'D:/UNITY/2021.3.1f1/Editor/Data/MonoBleedingEdge/lib/mono/unityjit-win32'
Mono config path = 'D:/UNITY/2021.3.1f1/Editor/Data/MonoBleedingEdge/etc'
Using monoOptions --debugger-agent=transport=dt_socket,embedding=1,server=y,suspend=n,address=127.0.0.1:56924
Begin MonoManager ReloadAssembly
Registering precompiled unity dll's ...
Register platform support module: D:/UNITY/2021.3.1f1/Editor/Data/PlaybackEngines/WindowsStandaloneSupport/UnityEditor.WindowsStandalone.Extensions.dll
Registered in 0.002410 seconds.
Native extension for WindowsStandalone target not found
Refreshing native plugins compatible for Editor in 30.91 ms, found 2 plugins.
Preloading 0 native plugins for Editor in 0.00 ms.
Mono: successfully reloaded assembly
- Completed reload, in  0.811 seconds
Domain Reload Profiling:
	ReloadAssembly (811ms)
		BeginReloadAssembly (131ms)
			ExecutionOrderSort (0ms)
			DisableScriptedObjects (0ms)
			BackupInstance (0ms)
			ReleaseScriptingObjects (0ms)
			CreateAndSetChildDomain (1ms)
		EndReloadAssembly (538ms)
			LoadAssemblies (130ms)
			RebuildTransferFunctionScriptingTraits (0ms)
			SetupTypeCache (170ms)
			ReleaseScriptCaches (0ms)
			RebuildScriptCaches (34ms)
			SetupLoadedEditorAssemblies (281ms)
				LogAssemblyErrors (0ms)
				InitializePlatformSupportModulesInManaged (7ms)
				SetLoadedEditorAssemblies (0ms)
				RefreshPlugins (31ms)
				BeforeProcessingInitializeOnLoad (1ms)
				ProcessInitializeOnLoadAttributes (161ms)
				ProcessInitializeOnLoadMethodAttributes (81ms)
				AfterProcessingInitializeOnLoad (0ms)
				EditorAssembliesLoaded (0ms)
			ExecutionOrderSort2 (0ms)
			AwakeInstancesAfterBackupRestoration (0ms)
Platform modules already initialized, skipping
Registering precompiled user dll's ...
Registered in 0.002621 seconds.
Begin MonoManager ReloadAssembly
Symbol file LoadedFromMemory is not a mono symbol file
Native extension for WindowsStandalone target not found
Refreshing native plugins compatible for Editor in 0.51 ms, found 2 plugins.
Preloading 0 native plugins for Editor in 0.00 ms.
Mono: successfully reloaded assembly
- Completed reload, in  1.034 seconds
Domain Reload Profiling:
	ReloadAssembly (1035ms)
		BeginReloadAssembly (130ms)
			ExecutionOrderSort (0ms)
			DisableScriptedObjects (6ms)
			BackupInstance (0ms)
			ReleaseScriptingObjects (0ms)
			CreateAndSetChildDomain (19ms)
		EndReloadAssembly (788ms)
			LoadAssemblies (107ms)
			RebuildTransferFunctionScriptingTraits (0ms)
			SetupTypeCache (204ms)
			ReleaseScriptCaches (0ms)
			RebuildScriptCaches (50ms)
			SetupLoadedEditorAssemblies (393ms)
				LogAssemblyErrors (0ms)
				InitializePlatformSupportModulesInManaged (6ms)
				SetLoadedEditorAssemblies (1ms)
				RefreshPlugins (1ms)
				BeforeProcessingInitializeOnLoad (52ms)
				ProcessInitializeOnLoadAttributes (301ms)
				ProcessInitializeOnLoadMethodAttributes (30ms)
				AfterProcessingInitializeOnLoad (3ms)
				EditorAssembliesLoaded (0ms)
			ExecutionOrderSort2 (0ms)
			AwakeInstancesAfterBackupRestoration (15ms)
Platform modules already initialized, skipping
========================================================================
Worker process is ready to serve import requests
Launched and connected shader compiler UnityShaderCompiler.exe after 0.15 seconds
Refreshing native plugins compatible for Editor in 0.49 ms, found 2 plugins.
Preloading 0 native plugins for Editor in 0.00 ms.
Unloading 1745 Unused Serialized files (Serialized files now loaded: 0)
Unloading 30 unused Assets / (123.6 KB). Loaded Objects now: 2222.
Memory consumption went from 151.0 MB to 150.9 MB.
Total: 2.944300 ms (FindLiveObjects: 0.170000 ms CreateObjectMapping: 0.073800 ms MarkObjects: 2.568900 ms  DeleteObjects: 0.130600 ms)

AssetImportParameters requested are different than current active one (requested -> active):
  custom:video-decoder-ogg-theora: a1e56fd34408186e4bbccfd4996cb3dc -> 
  custom:container-muxer-webm: aa71ff27fc2769a1b78a27578f13a17b -> 
  custom:container-demuxer-webm: 4f35f7cbe854078d1ac9338744f61a02 -> 
  custom:video-encoder-webm-vp8: eb34c28f22e8b96e1ab97ce403110664 -> 
  custom:video-codec-MediaFoundation-h265: 746d11721c4dcdbdad8f713fa42b33f4 -> 
  custom:audio-encoder-webm-vorbis: bf7c407c2cedff20999df2af8eb42d56 -> 
  custom:framework-win-MediaFoundation: 216162199b28c13a410421893ffa2e32 -> 
  custom:container-demuxer-ogg: 62fdf1f143b41e24485cea50d1cbac27 -> 
  custom:video-decoder-webm-vp8: 9c59270c3fd7afecdb556c50c9e8de78 -> 
  custom:audio-decoder-ogg-vorbis: bf7c407c2cedff20999df2af8eb42d56 -> 
========================================================================
Received Prepare
Registering precompiled user dll's ...
Registered in 0.003003 seconds.
Begin MonoManager ReloadAssembly
Symbol file LoadedFromMemory is not a mono symbol file
Native extension for WindowsStandalone target not found
Refreshing native plugins compatible for Editor in 0.68 ms, found 2 plugins.
Preloading 0 native plugins for Editor in 0.00 ms.
Mono: successfully reloaded assembly
- Completed reload, in  1.423 seconds
Domain Reload Profiling:
	ReloadAssembly (1424ms)
		BeginReloadAssembly (180ms)
			ExecutionOrderSort (0ms)
			DisableScriptedObjects (6ms)
			BackupInstance (0ms)
			ReleaseScriptingObjects (0ms)
			CreateAndSetChildDomain (42ms)
		EndReloadAssembly (1117ms)
			LoadAssemblies (147ms)
			RebuildTransferFunctionScriptingTraits (0ms)
			SetupTypeCache (268ms)
			ReleaseScriptCaches (1ms)
			RebuildScriptCaches (70ms)
			SetupLoadedEditorAssemblies (546ms)
				LogAssemblyErrors (0ms)
				InitializePlatformSupportModulesInManaged (20ms)
				SetLoadedEditorAssemblies (1ms)
				RefreshPlugins (1ms)
				BeforeProcessingInitializeOnLoad (71ms)
				ProcessInitializeOnLoadAttributes (404ms)
				ProcessInitializeOnLoadMethodAttributes (46ms)
				AfterProcessingInitializeOnLoad (4ms)
				EditorAssembliesLoaded (0ms)
			ExecutionOrderSort2 (0ms)
			AwakeInstancesAfterBackupRestoration (19ms)
Platform modules already initialized, skipping
Refreshing native plugins compatible for Editor in 2.00 ms, found 2 plugins.
Preloading 0 native plugins for Editor in 0.00 ms.
Unloading 1737 Unused Serialized files (Serialized files now loaded: 0)
Unloading 11 unused Assets / (95.3 KB). Loaded Objects now: 2237.
Memory consumption went from 150.4 MB to 150.3 MB.
Total: 5.234000 ms (FindLiveObjects: 0.207300 ms CreateObjectMapping: 0.102200 ms MarkObjects: 4.877600 ms  DeleteObjects: 0.045500 ms)

AssetImportParameters requested are different than current active one (requested -> active):
  custom:video-decoder-ogg-theora: a1e56fd34408186e4bbccfd4996cb3dc -> 
  custom:container-muxer-webm: aa71ff27fc2769a1b78a27578f13a17b -> 
  custom:container-demuxer-webm: 4f35f7cbe854078d1ac9338744f61a02 -> 
  custom:video-encoder-webm-vp8: eb34c28f22e8b96e1ab97ce403110664 -> 
  custom:video-codec-MediaFoundation-h265: 746d11721c4dcdbdad8f713fa42b33f4 -> 
  custom:audio-encoder-webm-vorbis: bf7c407c2cedff20999df2af8eb42d56 -> 
  custom:framework-win-MediaFoundation: 216162199b28c13a410421893ffa2e32 -> 
  custom:container-demuxer-ogg: 62fdf1f143b41e24485cea50d1cbac27 -> 
  custom:video-decoder-webm-vp8: 9c59270c3fd7afecdb556c50c9e8de78 -> 
  custom:audio-decoder-ogg-vorbis: bf7c407c2cedff20999df2af8eb42d56 -> 
========================================================================
Received Prepare
Registering precompiled user dll's ...
Registered in 0.002762 seconds.
Begin MonoManager ReloadAssembly
Symbol file LoadedFromMemory is not a mono symbol file
Native extension for WindowsStandalone target not found
Refreshing native plugins compatible for Editor in 0.57 ms, found 2 plugins.
Preloading 0 native plugins for Editor in 0.00 ms.
Mono: successfully reloaded assembly
- Completed reload, in  1.357 seconds
Domain Reload Profiling:
	ReloadAssembly (1358ms)
		BeginReloadAssembly (184ms)
			ExecutionOrderSort (0ms)
			DisableScriptedObjects (5ms)
			BackupInstance (0ms)
			ReleaseScriptingObjects (0ms)
			CreateAndSetChildDomain (41ms)
		EndReloadAssembly (1038ms)
			LoadAssemblies (149ms)
			RebuildTransferFunctionScriptingTraits (0ms)
			SetupTypeCache (235ms)
			ReleaseScriptCaches (1ms)
			RebuildScriptCaches (61ms)
			SetupLoadedEditorAssemblies (534ms)
				LogAssemblyErrors (0ms)
				InitializePlatformSupportModulesInManaged (15ms)
				SetLoadedEditorAssemblies (1ms)
				RefreshPlugins (1ms)
				BeforeProcessingInitializeOnLoad (68ms)
				ProcessInitializeOnLoadAttributes (400ms)
				ProcessInitializeOnLoadMethodAttributes (46ms)
				AfterProcessingInitializeOnLoad (4ms)
				EditorAssembliesLoaded (0ms)
			ExecutionOrderSort2 (0ms)
			AwakeInstancesAfterBackupRestoration (18ms)
Platform modules already initialized, skipping
Refreshing native plugins compatible for Editor in 3.02 ms, found 2 plugins.
Preloading 0 native plugins for Editor in 0.00 ms.
Unloading 1737 Unused Serialized files (Serialized files now loaded: 0)
Unloading 11 unused Assets / (95.4 KB). Loaded Objects now: 2252.
Memory consumption went from 150.5 MB to 150.4 MB.
Total: 4.725300 ms (FindLiveObjects: 0.231300 ms CreateObjectMapping: 0.081100 ms MarkObjects: 4.362300 ms  DeleteObjects: 0.049200 ms)

AssetImportParameters requested are different than current active one (requested -> active):
  custom:video-decoder-ogg-theora: a1e56fd34408186e4bbccfd4996cb3dc -> 
  custom:container-muxer-webm: aa71ff27fc2769a1b78a27578f13a17b -> 
  custom:container-demuxer-webm: 4f35f7cbe854078d1ac9338744f61a02 -> 
  custom:video-encoder-webm-vp8: eb34c28f22e8b96e1ab97ce403110664 -> 
  custom:video-codec-MediaFoundation-h265: 746d11721c4dcdbdad8f713fa42b33f4 -> 
  custom:audio-encoder-webm-vorbis: bf7c407c2cedff20999df2af8eb42d56 -> 
  custom:framework-win-MediaFoundation: 216162199b28c13a410421893ffa2e32 -> 
  custom:container-demuxer-ogg: 62fdf1f143b41e24485cea50d1cbac27 -> 
  custom:video-decoder-webm-vp8: 9c59270c3fd7afecdb556c50c9e8de78 -> 
  custom:audio-decoder-ogg-vorbis: bf7c407c2cedff20999df2af8eb42d56 -> 
========================================================================
Received Prepare
Registering precompiled user dll's ...
Registered in 0.002911 seconds.
Begin MonoManager ReloadAssembly
Symbol file LoadedFromMemory is not a mono symbol file
Native extension for WindowsStandalone target not found
Refreshing native plugins compatible for Editor in 0.64 ms, found 2 plugins.
Preloading 0 native plugins for Editor in 0.00 ms.
Mono: successfully reloaded assembly
- Completed reload, in  1.141 seconds
Domain Reload Profiling:
	ReloadAssembly (1142ms)
		BeginReloadAssembly (161ms)
			ExecutionOrderSort (0ms)
			DisableScriptedObjects (6ms)
			BackupInstance (0ms)
			ReleaseScriptingObjects (0ms)
			CreateAndSetChildDomain (37ms)
		EndReloadAssembly (861ms)
			LoadAssemblies (130ms)
			RebuildTransferFunctionScriptingTraits (0ms)
			SetupTypeCache (229ms)
			ReleaseScriptCaches (1ms)
			RebuildScriptCaches (49ms)
			SetupLoadedEditorAssemblies (407ms)
				LogAssemblyErrors (0ms)
				InitializePlatformSupportModulesInManaged (14ms)
				SetLoadedEditorAssemblies (1ms)
				RefreshPlugins (1ms)
				BeforeProcessingInitializeOnLoad (52ms)
				ProcessInitializeOnLoadAttributes (295ms)
				ProcessInitializeOnLoadMethodAttributes (41ms)
				AfterProcessingInitializeOnLoad (4ms)
				EditorAssembliesLoaded (0ms)
			ExecutionOrderSort2 (0ms)
			AwakeInstancesAfterBackupRestoration (17ms)
Platform modules already initialized, skipping
Refreshing native plugins compatible for Editor in 2.11 ms, found 2 plugins.
Preloading 0 native plugins for Editor in 0.00 ms.
Unloading 1737 Unused Serialized files (Serialized files now loaded: 0)
Unloading 11 unused Assets / (95.3 KB). Loaded Objects now: 2267.
Memory consumption went from 150.5 MB to 150.4 MB.
Total: 3.979800 ms (FindLiveObjects: 0.248100 ms CreateObjectMapping: 0.076500 ms MarkObjects: 3.560600 ms  DeleteObjects: 0.091500 ms)

AssetImportParameters requested are different than current active one (requested -> active):
  custom:video-decoder-ogg-theora: a1e56fd34408186e4bbccfd4996cb3dc -> 
  custom:container-muxer-webm: aa71ff27fc2769a1b78a27578f13a17b -> 
  custom:container-demuxer-webm: 4f35f7cbe854078d1ac9338744f61a02 -> 
  custom:video-encoder-webm-vp8: eb34c28f22e8b96e1ab97ce403110664 -> 
  custom:video-codec-MediaFoundation-h265: 746d11721c4dcdbdad8f713fa42b33f4 -> 
  custom:audio-encoder-webm-vorbis: bf7c407c2cedff20999df2af8eb42d56 -> 
  custom:framework-win-MediaFoundation: 216162199b28c13a410421893ffa2e32 -> 
  custom:container-demuxer-ogg: 62fdf1f143b41e24485cea50d1cbac27 -> 
  custom:video-decoder-webm-vp8: 9c59270c3fd7afecdb556c50c9e8de78 -> 
  custom:audio-decoder-ogg-vorbis: bf7c407c2cedff20999df2af8eb42d56 -> 
========================================================================
Received Import Request.
  Time since last request: 6416.636159 seconds.
  path: Assets/StarSparrow/Meshes/StarSparrow1.fbx
  artifactKey: Guid(9eafec2478441af418574f3e9e971f8d) Importer(815301076,1909f56bfc062723c751e8b465ee728b)
Start importing Assets/StarSparrow/Meshes/StarSparrow1.fbx using Guid(9eafec2478441af418574f3e9e971f8d) Importer(815301076,1909f56bfc062723c751e8b465ee728b)  -> (artifact id: 'a2a6d86937eed4316d945db1aa849034') in 2.662985 seconds 
========================================================================
Received Import Request.
  Time since last request: 0.000035 seconds.
  path: Assets/StarSparrow/Meshes/StarSparrow8.fbx
  artifactKey: Guid(15e01a88075383240a48bc4527c69658) Importer(815301076,1909f56bfc062723c751e8b465ee728b)
Start importing Assets/StarSparrow/Meshes/StarSparrow8.fbx using Guid(15e01a88075383240a48bc4527c69658) Importer(815301076,1909f56bfc062723c751e8b465ee728b)  -> (artifact id: '348daf9bd10b0a7900bc07855a1dc70b') in 0.118974 seconds 
========================================================================
Received Import Request.
  Time since last request: 0.000031 seconds.
  path: Assets/StarSparrow/Meshes/StarSparrow9.fbx
  artifactKey: Guid(c5854ef2d6dd2ab4ba6f56c2053676c0) Importer(815301076,1909f56bfc062723c751e8b465ee728b)
Start importing Assets/StarSparrow/Meshes/StarSparrow9.fbx using Guid(c5854ef2d6dd2ab4ba6f56c2053676c0) Importer(815301076,1909f56bfc062723c751e8b465ee728b)  -> (artifact id: 'c0a0c7d8fee62f8c19c05698f1399514') in 0.069613 seconds 
========================================================================
Received Import Request.
  Time since last request: 0.000028 seconds.
  path: Assets/StarSparrow/Meshes/StarSparrow16.fbx
  artifactKey: Guid(0913ee8c036b6dc468615920c91704e0) Importer(815301076,1909f56bfc062723c751e8b465ee728b)
Start importing Assets/StarSparrow/Meshes/StarSparrow16.fbx using Guid(0913ee8c036b6dc468615920c91704e0) Importer(815301076,1909f56bfc062723c751e8b465ee728b)  -> (artifact id: 'f74463df2b1d463ce14051e6154baee9') in 0.318970 seconds 
========================================================================
Received Import Request.
  Time since last request: 0.000029 seconds.
  path: Assets/StarSparrow/Meshes/StarSparrowModules.FBX
  artifactKey: Guid(71e6e8f0e9dd9164da8d88a237ed787b) Importer(815301076,1909f56bfc062723c751e8b465ee728b)
Start importing Assets/StarSparrow/Meshes/StarSparrowModules.FBX using Guid(71e6e8f0e9dd9164da8d88a237ed787b) Importer(815301076,1909f56bfc062723c751e8b465ee728b)  -> (artifact id: 'ff4d8f85d3fb59da7533d3089153e94f') in 0.164168 seconds 
========================================================================
Received Import Request.
  Time since last request: 0.000073 seconds.
  path: Assets/StarSparrow/Meshes/StarSparrow4.fbx
  artifactKey: Guid(7434f156f1a25df4596be6564fe60b9d) Importer(815301076,1909f56bfc062723c751e8b465ee728b)
Start importing Assets/StarSparrow/Meshes/StarSparrow4.fbx using Guid(7434f156f1a25df4596be6564fe60b9d) Importer(815301076,1909f56bfc062723c751e8b465ee728b)  -> (artifact id: '626feda2aa57c021ee4139872741f353') in 0.044673 seconds 
========================================================================
Received Import Request.
  Time since last request: 0.000027 seconds.
  path: Assets/StarSparrow/Meshes/StarSparrow12.fbx
  artifactKey: Guid(0e9d6058df1cdae40ad43cc3ded56497) Importer(815301076,1909f56bfc062723c751e8b465ee728b)
Start importing Assets/StarSparrow/Meshes/StarSparrow12.fbx using Guid(0e9d6058df1cdae40ad43cc3ded56497) Importer(815301076,1909f56bfc062723c751e8b465ee728b)  -> (artifact id: '85b41ca023e46bea7693920f25b26a43') in 0.057773 seconds 
========================================================================
Received Import Request.
  Time since last request: 0.000026 seconds.
  path: Assets/StarSparrow/Meshes/StarSparrow14.fbx
  artifactKey: Guid(a1ea0ecc2fbc5d64aa2935307474ff0a) Importer(815301076,1909f56bfc062723c751e8b465ee728b)
Start importing Assets/StarSparrow/Meshes/StarSparrow14.fbx using Guid(a1ea0ecc2fbc5d64aa2935307474ff0a) Importer(815301076,1909f56bfc062723c751e8b465ee728b)  -> (artifact id: '111dae1ba155bd98f7454cd1fc771762') in 0.086329 seconds 
========================================================================
Received Import Request.
  Time since last request: 0.000025 seconds.
  path: Assets/StarSparrow/Meshes/StarSparrow11.fbx
  artifactKey: Guid(aaf7aa019f23a0940afebb1950259a1d) Importer(815301076,1909f56bfc062723c751e8b465ee728b)
Start importing Assets/StarSparrow/Meshes/StarSparrow11.fbx using Guid(aaf7aa019f23a0940afebb1950259a1d) Importer(815301076,1909f56bfc062723c751e8b465ee728b)  -> (artifact id: '11950e4d1d774611ac87ae211a5893f5') in 0.046465 seconds 
========================================================================
Received Import Request.
  Time since last request: 0.000021 seconds.
  path: Assets/StarSparrow/Meshes/StarSparrow17.fbx
  artifactKey: Guid(73d017596d90716449488a7d74c0b954) Importer(815301076,1909f56bfc062723c751e8b465ee728b)
Start importing Assets/StarSparrow/Meshes/StarSparrow17.fbx using Guid(73d017596d90716449488a7d74c0b954) Importer(815301076,1909f56bfc062723c751e8b465ee728b)  -> (artifact id: 'da45b6f307a2286a21b0a7f8ae1fc2df') in 0.023239 seconds 
========================================================================
Received Import Request.
  Time since last request: 0.000022 seconds.
  path: Assets/StarSparrow/Meshes/StarSparrow5.fbx
  artifactKey: Guid(0367de8b5e7f1a241a7571d0b6732855) Importer(815301076,1909f56bfc062723c751e8b465ee728b)
Start importing Assets/StarSparrow/Meshes/StarSparrow5.fbx using Guid(0367de8b5e7f1a241a7571d0b6732855) Importer(815301076,1909f56bfc062723c751e8b465ee728b)  -> (artifact id: 'b1e913f5d47a25ba8c34358b0b1b776f') in 0.091092 seconds 
========================================================================
Received Prepare
Registering precompiled user dll's ...
Registered in 0.003542 seconds.
Begin MonoManager ReloadAssembly
Symbol file LoadedFromMemory is not a mono symbol file
Native extension for WindowsStandalone target not found
Refreshing native plugins compatible for Editor in 0.69 ms, found 2 plugins.
Preloading 0 native plugins for Editor in 0.00 ms.
Mono: successfully reloaded assembly
- Completed reload, in  1.344 seconds
Domain Reload Profiling:
	ReloadAssembly (1345ms)
		BeginReloadAssembly (184ms)
			ExecutionOrderSort (0ms)
			DisableScriptedObjects (6ms)
			BackupInstance (0ms)
			ReleaseScriptingObjects (0ms)
			CreateAndSetChildDomain (43ms)
		EndReloadAssembly (1031ms)
			LoadAssemblies (158ms)
			RebuildTransferFunctionScriptingTraits (0ms)
			SetupTypeCache (236ms)
			ReleaseScriptCaches (1ms)
			RebuildScriptCaches (56ms)
			SetupLoadedEditorAssemblies (526ms)
				LogAssemblyErrors (0ms)
				InitializePlatformSupportModulesInManaged (19ms)
				SetLoadedEditorAssemblies (1ms)
				RefreshPlugins (1ms)
				BeforeProcessingInitializeOnLoad (73ms)
				ProcessInitializeOnLoadAttributes (384ms)
				ProcessInitializeOnLoadMethodAttributes (44ms)
				AfterProcessingInitializeOnLoad (4ms)
				EditorAssembliesLoaded (0ms)
			ExecutionOrderSort2 (0ms)
			AwakeInstancesAfterBackupRestoration (21ms)
Platform modules already initialized, skipping
Refreshing native plugins compatible for Editor in 2.73 ms, found 2 plugins.
Preloading 0 native plugins for Editor in 0.00 ms.
Unloading 1737 Unused Serialized files (Serialized files now loaded: 0)
Unloading 11 unused Assets / (95.4 KB). Loaded Objects now: 2292.
Memory consumption went from 154.7 MB to 154.6 MB.
Total: 7.696600 ms (FindLiveObjects: 0.331300 ms CreateObjectMapping: 0.219700 ms MarkObjects: 7.040500 ms  DeleteObjects: 0.102700 ms)

AssetImportParameters requested are different than current active one (requested -> active):
  custom:video-decoder-ogg-theora: a1e56fd34408186e4bbccfd4996cb3dc -> 
  custom:container-muxer-webm: aa71ff27fc2769a1b78a27578f13a17b -> 
  custom:container-demuxer-webm: 4f35f7cbe854078d1ac9338744f61a02 -> 
  custom:video-encoder-webm-vp8: eb34c28f22e8b96e1ab97ce403110664 -> 
  custom:video-codec-MediaFoundation-h265: 746d11721c4dcdbdad8f713fa42b33f4 -> 
  custom:audio-encoder-webm-vorbis: bf7c407c2cedff20999df2af8eb42d56 -> 
  custom:framework-win-MediaFoundation: 216162199b28c13a410421893ffa2e32 -> 
  custom:container-demuxer-ogg: 62fdf1f143b41e24485cea50d1cbac27 -> 
  custom:video-decoder-webm-vp8: 9c59270c3fd7afecdb556c50c9e8de78 -> 
  custom:audio-decoder-ogg-vorbis: bf7c407c2cedff20999df2af8eb42d56 -> 
========================================================================
Received Prepare
Registering precompiled user dll's ...
Registered in 0.002503 seconds.
Begin MonoManager ReloadAssembly
Symbol file LoadedFromMemory is not a mono symbol file
Native extension for WindowsStandalone target not found
Refreshing native plugins compatible for Editor in 0.62 ms, found 2 plugins.
Preloading 0 native plugins for Editor in 0.00 ms.
Mono: successfully reloaded assembly
- Completed reload, in  1.266 seconds
Domain Reload Profiling:
	ReloadAssembly (1267ms)
		BeginReloadAssembly (176ms)
			ExecutionOrderSort (0ms)
			DisableScriptedObjects (6ms)
			BackupInstance (0ms)
			ReleaseScriptingObjects (0ms)
			CreateAndSetChildDomain (39ms)
		EndReloadAssembly (976ms)
			LoadAssemblies (149ms)
			RebuildTransferFunctionScriptingTraits (0ms)
			SetupTypeCache (242ms)
			ReleaseScriptCaches (1ms)
			RebuildScriptCaches (54ms)
			SetupLoadedEditorAssemblies (489ms)
				LogAssemblyErrors (0ms)
				InitializePlatformSupportModulesInManaged (17ms)
				SetLoadedEditorAssemblies (1ms)
				RefreshPlugins (1ms)
				BeforeProcessingInitializeOnLoad (51ms)
				ProcessInitializeOnLoadAttributes (369ms)
				ProcessInitializeOnLoadMethodAttributes (47ms)
				AfterProcessingInitializeOnLoad (4ms)
				EditorAssembliesLoaded (0ms)
			ExecutionOrderSort2 (0ms)
			AwakeInstancesAfterBackupRestoration (16ms)
Platform modules already initialized, skipping
Refreshing native plugins compatible for Editor in 2.07 ms, found 2 plugins.
Preloading 0 native plugins for Editor in 0.00 ms.
Unloading 1737 Unused Serialized files (Serialized files now loaded: 0)
Unloading 11 unused Assets / (95.3 KB). Loaded Objects now: 2307.
Memory consumption went from 154.7 MB to 154.6 MB.
Total: 5.487600 ms (FindLiveObjects: 0.378400 ms CreateObjectMapping: 0.092100 ms MarkObjects: 4.795300 ms  DeleteObjects: 0.217900 ms)

AssetImportParameters requested are different than current active one (requested -> active):
  custom:video-decoder-ogg-theora: a1e56fd34408186e4bbccfd4996cb3dc -> 
  custom:container-muxer-webm: aa71ff27fc2769a1b78a27578f13a17b -> 
  custom:container-demuxer-webm: 4f35f7cbe854078d1ac9338744f61a02 -> 
  custom:video-encoder-webm-vp8: eb34c28f22e8b96e1ab97ce403110664 -> 
  custom:video-codec-MediaFoundation-h265: 746d11721c4dcdbdad8f713fa42b33f4 -> 
  custom:audio-encoder-webm-vorbis: bf7c407c2cedff20999df2af8eb42d56 -> 
  custom:framework-win-MediaFoundation: 216162199b28c13a410421893ffa2e32 -> 
  custom:container-demuxer-ogg: 62fdf1f143b41e24485cea50d1cbac27 -> 
  custom:video-decoder-webm-vp8: 9c59270c3fd7afecdb556c50c9e8de78 -> 
  custom:audio-decoder-ogg-vorbis: bf7c407c2cedff20999df2af8eb42d56 -> 
========================================================================
Received Import Request.
  Time since last request: 121.579182 seconds.
  path: Assets/StarSparrow/Prefabs/Modules/StarSparrow_Engine.prefab
  artifactKey: Guid(01b4c9caff0ad4d48ac8cb23e89e5224) Importer(815301076,1909f56bfc062723c751e8b465ee728b)
Start importing Assets/StarSparrow/Prefabs/Modules/StarSparrow_Engine.prefab using Guid(01b4c9caff0ad4d48ac8cb23e89e5224) Importer(815301076,1909f56bfc062723c751e8b465ee728b)  -> (artifact id: '988d8ca6e4e6a335818953b57c6ff5d1') in 0.042338 seconds 
========================================================================
Received Import Request.
  Time since last request: 0.000027 seconds.
  path: Assets/StarSparrow/Prefabs/Modules/StarSparrow_Plasma.prefab
  artifactKey: Guid(157f084336ed05c45947433542a2eba2) Importer(815301076,1909f56bfc062723c751e8b465ee728b)
Start importing Assets/StarSparrow/Prefabs/Modules/StarSparrow_Plasma.prefab using Guid(157f084336ed05c45947433542a2eba2) Importer(815301076,1909f56bfc062723c751e8b465ee728b)  -> (artifact id: '7a82329d8934d5d1fc39fb5356700c16') in 0.017811 seconds 
========================================================================
Received Import Request.
  Time since last request: 0.000024 seconds.
  path: Assets/StarSparrow/Prefabs/Modules/StarSparrow_Wing_3.prefab
  artifactKey: Guid(53643d8f33e9df94ba733d00e1c6d10c) Importer(815301076,1909f56bfc062723c751e8b465ee728b)
Start importing Assets/StarSparrow/Prefabs/Modules/StarSparrow_Wing_3.prefab using Guid(53643d8f33e9df94ba733d00e1c6d10c) Importer(815301076,1909f56bfc062723c751e8b465ee728b)  -> (artifact id: '47067a64502882cb970beb26c6741c57') in 0.070638 seconds 
========================================================================
Received Import Request.
  Time since last request: 0.000020 seconds.
  path: Assets/StarSparrow/Prefabs/Modules/StarSparrow_Wing_2.prefab
  artifactKey: Guid(dde490f5ea9b7d94d9594ec8d6435f29) Importer(815301076,1909f56bfc062723c751e8b465ee728b)
Start importing Assets/StarSparrow/Prefabs/Modules/StarSparrow_Wing_2.prefab using Guid(dde490f5ea9b7d94d9594ec8d6435f29) Importer(815301076,1909f56bfc062723c751e8b465ee728b)  -> (artifact id: 'ddc186545b50cc7441c085642613b768') in 0.040786 seconds 
========================================================================
Received Import Request.
  Time since last request: 0.000022 seconds.
  path: Assets/StarSparrow/Prefabs/Modules/StarSparrow_Wing_1.prefab
  artifactKey: Guid(b30ca3097cfd8de47aa1ba38578e0c30) Importer(815301076,1909f56bfc062723c751e8b465ee728b)
Start importing Assets/StarSparrow/Prefabs/Modules/StarSparrow_Wing_1.prefab using Guid(b30ca3097cfd8de47aa1ba38578e0c30) Importer(815301076,1909f56bfc062723c751e8b465ee728b)  -> (artifact id: 'b07e1a62b68c7b5fdd9638f893abfb16') in 0.004004 seconds 
========================================================================
Received Import Request.
  Time since last request: 0.000020 seconds.
  path: Assets/StarSparrow/Prefabs/Modules/StarSparrow_Thruster.prefab
  artifactKey: Guid(2d009ca22ab0fc141ade283e835e506a) Importer(815301076,1909f56bfc062723c751e8b465ee728b)
Start importing Assets/StarSparrow/Prefabs/Modules/StarSparrow_Thruster.prefab using Guid(2d009ca22ab0fc141ade283e835e506a) Importer(815301076,1909f56bfc062723c751e8b465ee728b)  -> (artifact id: 'd709f5d5f43925c24f105f66b0324060') in 0.004226 seconds 
========================================================================
Received Import Request.
  Time since last request: 16.106969 seconds.
  path: Assets/StarSparrow/Prefabs/Modular Examples/StarSparrow2.prefab
  artifactKey: Guid(9049f178339a1ec49b8d10542e9d6787) Importer(815301076,1909f56bfc062723c751e8b465ee728b)
Start importing Assets/StarSparrow/Prefabs/Modular Examples/StarSparrow2.prefab using Guid(9049f178339a1ec49b8d10542e9d6787) Importer(815301076,1909f56bfc062723c751e8b465ee728b)  -> (artifact id: 'e1b5c3f6ebed6f7c4f40716449bc3b32') in 0.011607 seconds 
========================================================================
Received Import Request.
  Time since last request: 0.000021 seconds.
  path: Assets/StarSparrow/Prefabs/Modular Examples/StarSparrow7.prefab
  artifactKey: Guid(ad19842cc2550fc488240fe1efb03aeb) Importer(815301076,1909f56bfc062723c751e8b465ee728b)
Start importing Assets/StarSparrow/Prefabs/Modular Examples/StarSparrow7.prefab using Guid(ad19842cc2550fc488240fe1efb03aeb) Importer(815301076,1909f56bfc062723c751e8b465ee728b)  -> (artifact id: 'fe802f60cc7ffa94a8e06e44d2e5e6ee') in 0.024704 seconds 
========================================================================
Received Import Request.
  Time since last request: 0.000023 seconds.
  path: Assets/StarSparrow/Prefabs/Modular Examples/StarSparrow8.prefab
  artifactKey: Guid(821cb84404cdb734481db5d7b905b37a) Importer(815301076,1909f56bfc062723c751e8b465ee728b)
Start importing Assets/StarSparrow/Prefabs/Modular Examples/StarSparrow8.prefab using Guid(821cb84404cdb734481db5d7b905b37a) Importer(815301076,1909f56bfc062723c751e8b465ee728b)  -> (artifact id: 'b8893b5a17a36a45dee4b56ce259c174') in 0.003954 seconds 
========================================================================
Received Import Request.
  Time since last request: 0.000025 seconds.
  path: Assets/StarSparrow/Prefabs/Modular Examples/StarSparrow19.prefab
  artifactKey: Guid(7690b2cb20a500246a3f2b3c6e42d9d0) Importer(815301076,1909f56bfc062723c751e8b465ee728b)
Start importing Assets/StarSparrow/Prefabs/Modular Examples/StarSparrow19.prefab using Guid(7690b2cb20a500246a3f2b3c6e42d9d0) Importer(815301076,1909f56bfc062723c751e8b465ee728b)  -> (artifact id: '6f6b7c5746b1e64f778a1e36311015bb') in 0.006785 seconds 
========================================================================
Received Import Request.
  Time since last request: 0.000025 seconds.
  path: Assets/StarSparrow/Prefabs/Modular Examples/StarSparrow14.prefab
  artifactKey: Guid(632e35db17045744396cd464cbd1498f) Importer(815301076,1909f56bfc062723c751e8b465ee728b)
Start importing Assets/StarSparrow/Prefabs/Modular Examples/StarSparrow14.prefab using Guid(632e35db17045744396cd464cbd1498f) Importer(815301076,1909f56bfc062723c751e8b465ee728b)  -> (artifact id: '491937ae5e585fba12e5cf6a922744da') in 0.004892 seconds 
========================================================================
Received Import Request.
  Time since last request: 0.000026 seconds.
  path: Assets/StarSparrow/Prefabs/Modular Examples/StarSparrow16.prefab
  artifactKey: Guid(a303e95807e2616408f6c4cff0fd3208) Importer(815301076,1909f56bfc062723c751e8b465ee728b)
Start importing Assets/StarSparrow/Prefabs/Modular Examples/StarSparrow16.prefab using Guid(a303e95807e2616408f6c4cff0fd3208) Importer(815301076,1909f56bfc062723c751e8b465ee728b)  -> (artifact id: 'c545723f2cc070143995be24293b6a05') in 0.004658 seconds 
========================================================================
Received Import Request.
  Time since last request: 0.000022 seconds.
  path: Assets/StarSparrow/Prefabs/Modular Examples/StarSparrow5.prefab
  artifactKey: Guid(ec6c320a41b48f448b4f67e0c941f00d) Importer(815301076,1909f56bfc062723c751e8b465ee728b)
Start importing Assets/StarSparrow/Prefabs/Modular Examples/StarSparrow5.prefab using Guid(ec6c320a41b48f448b4f67e0c941f00d) Importer(815301076,1909f56bfc062723c751e8b465ee728b)  -> (artifact id: '76684bfb3a3fc3a4a24915cfeeae0fe2') in 0.004667 seconds 
========================================================================
Received Import Request.
  Time since last request: 1.083739 seconds.
  path: Assets/StarSparrow/Prefabs/BonusContent/Asteroid Lava Blue.prefab
  artifactKey: Guid(f603e71ddc270d54192200e95673e2a6) Importer(815301076,1909f56bfc062723c751e8b465ee728b)
Start importing Assets/StarSparrow/Prefabs/BonusContent/Asteroid Lava Blue.prefab using Guid(f603e71ddc270d54192200e95673e2a6) Importer(815301076,1909f56bfc062723c751e8b465ee728b)  -> (artifact id: '5d5ab4f37128cc9cd283cc60b577c3b9') in 0.073433 seconds 
========================================================================
Received Import Request.
  Time since last request: 0.000019 seconds.
  path: Assets/StarSparrow/Prefabs/BonusContent/Flying Insect.prefab
  artifactKey: Guid(6807a4fbab15c3444aa44ff82bcbe872) Importer(815301076,1909f56bfc062723c751e8b465ee728b)
Start importing Assets/StarSparrow/Prefabs/BonusContent/Flying Insect.prefab using Guid(6807a4fbab15c3444aa44ff82bcbe872) Importer(815301076,1909f56bfc062723c751e8b465ee728b)  -> (artifact id: 'cd89631fa4272ac3c73c3861597b7034') in 0.133589 seconds 
========================================================================
Received Import Request.
  Time since last request: 0.000023 seconds.
  path: Assets/StarSparrow/Prefabs/BonusContent/Missile.prefab
  artifactKey: Guid(8b227e0429c621940acb9e2e8d18d12f) Importer(815301076,1909f56bfc062723c751e8b465ee728b)
Start importing Assets/StarSparrow/Prefabs/BonusContent/Missile.prefab using Guid(8b227e0429c621940acb9e2e8d18d12f) Importer(815301076,1909f56bfc062723c751e8b465ee728b)  -> (artifact id: 'd1aa812b15e8cd64c37ca54c5d5b0e6d') in 0.011932 seconds 
Editor requested this worker to shutdown with reason: Scaling down because of idle timeout
AssetImportWorker is now disconnected from the server
Process exiting
Exiting without the bug reporter. Application will terminate with return code 0