Using pre-set license
Built from '2021.3/staging' branch; Version is '2021.3.1f1 (3b70a0754835) revision 3895456'; Using compiler version '192829333'; Build Type 'Release'
OS: 'Windows 10  (10.0.18363) 64bit Core' Language: 'en' Physical Memory: 8051 MB
BatchMode: 1, IsHumanControllingUs: 0, StartBugReporterOnCrash: 0, Is64bit: 1, IsPro: 1

COMMAND LINE ARGUMENTS:
D:\UNITY\2021.3.1f1\Editor\Unity.exe
-adb2
-batchMode
-noUpm
-name
AssetImportWorker4
-projectPath
D:/DT228/games engine/Games-Engines-2-Assignment-main/Space War
-logFile
Logs/AssetImportWorker4.log
-srvPort
2331
Successfully changed project path to: D:/DT228/games engine/Games-Engines-2-Assignment-main/Space War
D:/DT228/games engine/Games-Engines-2-Assignment-main/Space War
[UnityMemory] Configuration Parameters - Can be set up in boot.config
    "memorysetup-bucket-allocator-granularity=16"
    "memorysetup-bucket-allocator-bucket-count=8"
    "memorysetup-bucket-allocator-block-size=33554432"
    "memorysetup-bucket-allocator-block-count=8"
    "memorysetup-main-allocator-block-size=16777216"
    "memorysetup-thread-allocator-block-size=16777216"
    "memorysetup-gfx-main-allocator-block-size=16777216"
    "memorysetup-gfx-thread-allocator-block-size=16777216"
    "memorysetup-cache-allocator-block-size=4194304"
    "memorysetup-typetree-allocator-block-size=2097152"
    "memorysetup-profiler-bucket-allocator-granularity=16"
    "memorysetup-profiler-bucket-allocator-bucket-count=8"
    "memorysetup-profiler-bucket-allocator-block-size=33554432"
    "memorysetup-profiler-bucket-allocator-block-count=8"
    "memorysetup-profiler-allocator-block-size=16777216"
    "memorysetup-profiler-editor-allocator-block-size=1048576"
    "memorysetup-temp-allocator-size-main=16777216"
    "memorysetup-job-temp-allocator-block-size=2097152"
    "memorysetup-job-temp-allocator-block-size-background=1048576"
    "memorysetup-job-temp-allocator-reduction-small-platforms=262144"
    "memorysetup-temp-allocator-size-background-worker=32768"
    "memorysetup-temp-allocator-size-job-worker=262144"
    "memorysetup-temp-allocator-size-preload-manager=33554432"
    "memorysetup-temp-allocator-size-nav-mesh-worker=65536"
    "memorysetup-temp-allocator-size-audio-worker=65536"
    "memorysetup-temp-allocator-size-cloud-worker=32768"
    "memorysetup-temp-allocator-size-gi-baking-worker=262144"
    "memorysetup-temp-allocator-size-gfx=262144"
Refreshing native plugins compatible for Editor in 39.33 ms, found 2 plugins.
Preloading 0 native plugins for Editor in 0.00 ms.
Initialize engine version: 2021.3.1f1 (3b70a0754835)
[Subsystems] Discovering subsystems at path D:/UNITY/2021.3.1f1/Editor/Data/Resources/UnitySubsystems
[Subsystems] Discovering subsystems at path D:/DT228/games engine/Games-Engines-2-Assignment-main/Space War/Assets
GfxDevice: creating device client; threaded=0; jobified=0
Direct3D:
    Version:  Direct3D 11.0 [level 11.1]
    Renderer: NVIDIA GeForce GTX 1050 Ti (ID=0x1c8c)
    Vendor:   NVIDIA
    VRAM:     4018 MB
    Driver:   30.0.15.1169
Initialize mono
Mono path[0] = 'D:/UNITY/2021.3.1f1/Editor/Data/Managed'
Mono path[1] = 'D:/UNITY/2021.3.1f1/Editor/Data/MonoBleedingEdge/lib/mono/unityjit-win32'
Mono config path = 'D:/UNITY/2021.3.1f1/Editor/Data/MonoBleedingEdge/etc'
Using monoOptions --debugger-agent=transport=dt_socket,embedding=1,server=y,suspend=n,address=127.0.0.1:56344
Begin MonoManager ReloadAssembly
Registering precompiled unity dll's ...
Register platform support module: D:/UNITY/2021.3.1f1/Editor/Data/PlaybackEngines/WindowsStandaloneSupport/UnityEditor.WindowsStandalone.Extensions.dll
Registered in 0.002134 seconds.
Native extension for WindowsStandalone target not found
Refreshing native plugins compatible for Editor in 32.66 ms, found 2 plugins.
Preloading 0 native plugins for Editor in 0.00 ms.
Mono: successfully reloaded assembly
- Completed reload, in  0.725 seconds
Domain Reload Profiling:
	ReloadAssembly (726ms)
		BeginReloadAssembly (102ms)
			ExecutionOrderSort (0ms)
			DisableScriptedObjects (0ms)
			BackupInstance (0ms)
			ReleaseScriptingObjects (0ms)
			CreateAndSetChildDomain (1ms)
		EndReloadAssembly (499ms)
			LoadAssemblies (102ms)
			RebuildTransferFunctionScriptingTraits (0ms)
			SetupTypeCache (124ms)
			ReleaseScriptCaches (0ms)
			RebuildScriptCaches (39ms)
			SetupLoadedEditorAssemblies (278ms)
				LogAssemblyErrors (0ms)
				InitializePlatformSupportModulesInManaged (7ms)
				SetLoadedEditorAssemblies (0ms)
				RefreshPlugins (33ms)
				BeforeProcessingInitializeOnLoad (2ms)
				ProcessInitializeOnLoadAttributes (175ms)
				ProcessInitializeOnLoadMethodAttributes (62ms)
				AfterProcessingInitializeOnLoad (0ms)
				EditorAssembliesLoaded (0ms)
			ExecutionOrderSort2 (0ms)
			AwakeInstancesAfterBackupRestoration (0ms)
Platform modules already initialized, skipping
Registering precompiled user dll's ...
Registered in 0.002750 seconds.
Begin MonoManager ReloadAssembly
Symbol file LoadedFromMemory is not a mono symbol file
Native extension for WindowsStandalone target not found
Refreshing native plugins compatible for Editor in 0.37 ms, found 2 plugins.
Preloading 0 native plugins for Editor in 0.00 ms.
Mono: successfully reloaded assembly
- Completed reload, in  1.011 seconds
Domain Reload Profiling:
	ReloadAssembly (1011ms)
		BeginReloadAssembly (142ms)
			ExecutionOrderSort (0ms)
			DisableScriptedObjects (6ms)
			BackupInstance (0ms)
			ReleaseScriptingObjects (0ms)
			CreateAndSetChildDomain (21ms)
		EndReloadAssembly (745ms)
			LoadAssemblies (113ms)
			RebuildTransferFunctionScriptingTraits (0ms)
			SetupTypeCache (191ms)
			ReleaseScriptCaches (0ms)
			RebuildScriptCaches (55ms)
			SetupLoadedEditorAssemblies (364ms)
				LogAssemblyErrors (0ms)
				InitializePlatformSupportModulesInManaged (5ms)
				SetLoadedEditorAssemblies (1ms)
				RefreshPlugins (0ms)
				BeforeProcessingInitializeOnLoad (47ms)
				ProcessInitializeOnLoadAttributes (278ms)
				ProcessInitializeOnLoadMethodAttributes (30ms)
				AfterProcessingInitializeOnLoad (4ms)
				EditorAssembliesLoaded (0ms)
			ExecutionOrderSort2 (0ms)
			AwakeInstancesAfterBackupRestoration (14ms)
Platform modules already initialized, skipping
========================================================================
Worker process is ready to serve import requests
Launched and connected shader compiler UnityShaderCompiler.exe after 0.08 seconds
Refreshing native plugins compatible for Editor in 0.57 ms, found 2 plugins.
Preloading 0 native plugins for Editor in 0.00 ms.
Unloading 1745 Unused Serialized files (Serialized files now loaded: 0)
Unloading 30 unused Assets / (123.6 KB). Loaded Objects now: 2222.
Memory consumption went from 151.0 MB to 150.9 MB.
Total: 3.269300 ms (FindLiveObjects: 0.168000 ms CreateObjectMapping: 0.074400 ms MarkObjects: 2.906600 ms  DeleteObjects: 0.119100 ms)

AssetImportParameters requested are different than current active one (requested -> active):
  custom:video-decoder-ogg-theora: a1e56fd34408186e4bbccfd4996cb3dc -> 
  custom:container-muxer-webm: aa71ff27fc2769a1b78a27578f13a17b -> 
  custom:container-demuxer-webm: 4f35f7cbe854078d1ac9338744f61a02 -> 
  custom:video-encoder-webm-vp8: eb34c28f22e8b96e1ab97ce403110664 -> 
  custom:video-codec-MediaFoundation-h265: 746d11721c4dcdbdad8f713fa42b33f4 -> 
  custom:audio-encoder-webm-vorbis: bf7c407c2cedff20999df2af8eb42d56 -> 
  custom:framework-win-MediaFoundation: 216162199b28c13a410421893ffa2e32 -> 
  custom:container-demuxer-ogg: 62fdf1f143b41e24485cea50d1cbac27 -> 
  custom:video-decoder-webm-vp8: 9c59270c3fd7afecdb556c50c9e8de78 -> 
  custom:audio-decoder-ogg-vorbis: bf7c407c2cedff20999df2af8eb42d56 -> 
========================================================================
Received Prepare
Registering precompiled user dll's ...
Registered in 0.002660 seconds.
Begin MonoManager ReloadAssembly
Symbol file LoadedFromMemory is not a mono symbol file
Native extension for WindowsStandalone target not found
Refreshing native plugins compatible for Editor in 1.01 ms, found 2 plugins.
Preloading 0 native plugins for Editor in 0.00 ms.
Mono: successfully reloaded assembly
- Completed reload, in  1.382 seconds
Domain Reload Profiling:
	ReloadAssembly (1383ms)
		BeginReloadAssembly (183ms)
			ExecutionOrderSort (0ms)
			DisableScriptedObjects (6ms)
			BackupInstance (0ms)
			ReleaseScriptingObjects (0ms)
			CreateAndSetChildDomain (44ms)
		EndReloadAssembly (1083ms)
			LoadAssemblies (151ms)
			RebuildTransferFunctionScriptingTraits (0ms)
			SetupTypeCache (252ms)
			ReleaseScriptCaches (1ms)
			RebuildScriptCaches (59ms)
			SetupLoadedEditorAssemblies (549ms)
				LogAssemblyErrors (0ms)
				InitializePlatformSupportModulesInManaged (21ms)
				SetLoadedEditorAssemblies (1ms)
				RefreshPlugins (1ms)
				BeforeProcessingInitializeOnLoad (76ms)
				ProcessInitializeOnLoadAttributes (401ms)
				ProcessInitializeOnLoadMethodAttributes (44ms)
				AfterProcessingInitializeOnLoad (4ms)
				EditorAssembliesLoaded (0ms)
			ExecutionOrderSort2 (0ms)
			AwakeInstancesAfterBackupRestoration (22ms)
Platform modules already initialized, skipping
Refreshing native plugins compatible for Editor in 2.12 ms, found 2 plugins.
Preloading 0 native plugins for Editor in 0.00 ms.
Unloading 1737 Unused Serialized files (Serialized files now loaded: 0)
Unloading 11 unused Assets / (95.3 KB). Loaded Objects now: 2237.
Memory consumption went from 150.5 MB to 150.4 MB.
Total: 4.209500 ms (FindLiveObjects: 0.311300 ms CreateObjectMapping: 0.175200 ms MarkObjects: 3.680900 ms  DeleteObjects: 0.040800 ms)

AssetImportParameters requested are different than current active one (requested -> active):
  custom:video-decoder-ogg-theora: a1e56fd34408186e4bbccfd4996cb3dc -> 
  custom:container-muxer-webm: aa71ff27fc2769a1b78a27578f13a17b -> 
  custom:container-demuxer-webm: 4f35f7cbe854078d1ac9338744f61a02 -> 
  custom:video-encoder-webm-vp8: eb34c28f22e8b96e1ab97ce403110664 -> 
  custom:video-codec-MediaFoundation-h265: 746d11721c4dcdbdad8f713fa42b33f4 -> 
  custom:audio-encoder-webm-vorbis: bf7c407c2cedff20999df2af8eb42d56 -> 
  custom:framework-win-MediaFoundation: 216162199b28c13a410421893ffa2e32 -> 
  custom:container-demuxer-ogg: 62fdf1f143b41e24485cea50d1cbac27 -> 
  custom:video-decoder-webm-vp8: 9c59270c3fd7afecdb556c50c9e8de78 -> 
  custom:audio-decoder-ogg-vorbis: bf7c407c2cedff20999df2af8eb42d56 -> 
========================================================================
Received Prepare
Registering precompiled user dll's ...
Registered in 0.003703 seconds.
Begin MonoManager ReloadAssembly
Symbol file LoadedFromMemory is not a mono symbol file
Native extension for WindowsStandalone target not found
Refreshing native plugins compatible for Editor in 0.69 ms, found 2 plugins.
Preloading 0 native plugins for Editor in 0.00 ms.
Mono: successfully reloaded assembly
- Completed reload, in  1.292 seconds
Domain Reload Profiling:
	ReloadAssembly (1293ms)
		BeginReloadAssembly (179ms)
			ExecutionOrderSort (0ms)
			DisableScriptedObjects (6ms)
			BackupInstance (0ms)
			ReleaseScriptingObjects (0ms)
			CreateAndSetChildDomain (42ms)
		EndReloadAssembly (993ms)
			LoadAssemblies (151ms)
			RebuildTransferFunctionScriptingTraits (0ms)
			SetupTypeCache (250ms)
			ReleaseScriptCaches (1ms)
			RebuildScriptCaches (58ms)
			SetupLoadedEditorAssemblies (494ms)
				LogAssemblyErrors (0ms)
				InitializePlatformSupportModulesInManaged (16ms)
				SetLoadedEditorAssemblies (1ms)
				RefreshPlugins (1ms)
				BeforeProcessingInitializeOnLoad (50ms)
				ProcessInitializeOnLoadAttributes (381ms)
				ProcessInitializeOnLoadMethodAttributes (42ms)
				AfterProcessingInitializeOnLoad (3ms)
				EditorAssembliesLoaded (0ms)
			ExecutionOrderSort2 (0ms)
			AwakeInstancesAfterBackupRestoration (18ms)
Platform modules already initialized, skipping
Refreshing native plugins compatible for Editor in 2.85 ms, found 2 plugins.
Preloading 0 native plugins for Editor in 0.00 ms.
Unloading 1737 Unused Serialized files (Serialized files now loaded: 0)
Unloading 11 unused Assets / (95.3 KB). Loaded Objects now: 2252.
Memory consumption went from 150.5 MB to 150.4 MB.
Total: 3.685300 ms (FindLiveObjects: 0.189900 ms CreateObjectMapping: 0.100100 ms MarkObjects: 3.357600 ms  DeleteObjects: 0.036500 ms)

AssetImportParameters requested are different than current active one (requested -> active):
  custom:video-decoder-ogg-theora: a1e56fd34408186e4bbccfd4996cb3dc -> 
  custom:container-muxer-webm: aa71ff27fc2769a1b78a27578f13a17b -> 
  custom:container-demuxer-webm: 4f35f7cbe854078d1ac9338744f61a02 -> 
  custom:video-encoder-webm-vp8: eb34c28f22e8b96e1ab97ce403110664 -> 
  custom:video-codec-MediaFoundation-h265: 746d11721c4dcdbdad8f713fa42b33f4 -> 
  custom:audio-encoder-webm-vorbis: bf7c407c2cedff20999df2af8eb42d56 -> 
  custom:framework-win-MediaFoundation: 216162199b28c13a410421893ffa2e32 -> 
  custom:container-demuxer-ogg: 62fdf1f143b41e24485cea50d1cbac27 -> 
  custom:video-decoder-webm-vp8: 9c59270c3fd7afecdb556c50c9e8de78 -> 
  custom:audio-decoder-ogg-vorbis: bf7c407c2cedff20999df2af8eb42d56 -> 
========================================================================
Received Import Request.
  Time since last request: 6543.892134 seconds.
  path: Assets/StarSparrow/Prefabs/Modules/StarSparrow_Core.prefab
  artifactKey: Guid(328366602c7f9ae4aa29ecb957c7731d) Importer(815301076,1909f56bfc062723c751e8b465ee728b)
Start importing Assets/StarSparrow/Prefabs/Modules/StarSparrow_Core.prefab using Guid(328366602c7f9ae4aa29ecb957c7731d) Importer(815301076,1909f56bfc062723c751e8b465ee728b)  -> (artifact id: 'ec5381ee1c4bab5d49622870ee6c00c1') in 0.154428 seconds 
========================================================================
Received Import Request.
  Time since last request: 0.000019 seconds.
  path: Assets/StarSparrow/Prefabs/Modules/StarSparrow_Wing_1_Mirrored.prefab
  artifactKey: Guid(c6b3f5b24fac195409550702e5daa40f) Importer(815301076,1909f56bfc062723c751e8b465ee728b)
Start importing Assets/StarSparrow/Prefabs/Modules/StarSparrow_Wing_1_Mirrored.prefab using Guid(c6b3f5b24fac195409550702e5daa40f) Importer(815301076,1909f56bfc062723c751e8b465ee728b)  -> (artifact id: '56412d349b8c7514708b0efd190f8e1c') in 0.032036 seconds 
========================================================================
Received Import Request.
  Time since last request: 0.000022 seconds.
  path: Assets/StarSparrow/Prefabs/Modules/StarSparrow_Weapon.prefab
  artifactKey: Guid(1f78031b7183f2a4498c4cfc761ca60c) Importer(815301076,1909f56bfc062723c751e8b465ee728b)
Start importing Assets/StarSparrow/Prefabs/Modules/StarSparrow_Weapon.prefab using Guid(1f78031b7183f2a4498c4cfc761ca60c) Importer(815301076,1909f56bfc062723c751e8b465ee728b)  -> (artifact id: 'f826589775b4c52ac04cabe127e0cb84') in 0.005336 seconds 
========================================================================
Received Import Request.
  Time since last request: 0.000023 seconds.
  path: Assets/StarSparrow/Prefabs/Modules/StarSparrow_Weapon_Mirrored.prefab
  artifactKey: Guid(f5a635a64e8270a40aa07137c6d1f162) Importer(815301076,1909f56bfc062723c751e8b465ee728b)
Start importing Assets/StarSparrow/Prefabs/Modules/StarSparrow_Weapon_Mirrored.prefab using Guid(f5a635a64e8270a40aa07137c6d1f162) Importer(815301076,1909f56bfc062723c751e8b465ee728b)  -> (artifact id: 'adb996009165b0081e6f91712430f364') in 0.032274 seconds 
========================================================================
Received Import Request.
  Time since last request: 0.000018 seconds.
  path: Assets/StarSparrow/Prefabs/Modules/StarSparrow_Wing_2_Mirrored.prefab
  artifactKey: Guid(68009645f1254634c872da28df04bab8) Importer(815301076,1909f56bfc062723c751e8b465ee728b)
Start importing Assets/StarSparrow/Prefabs/Modules/StarSparrow_Wing_2_Mirrored.prefab using Guid(68009645f1254634c872da28df04bab8) Importer(815301076,1909f56bfc062723c751e8b465ee728b)  -> (artifact id: '7e84ada61b72250e4c82bf4f6a587be1') in 0.003950 seconds 
========================================================================
Received Import Request.
  Time since last request: 16.113538 seconds.
  path: Assets/StarSparrow/Prefabs/Modular Examples/StarSparrow1.prefab
  artifactKey: Guid(0478b1e28fd9831458b0f051b9d2ad8b) Importer(815301076,1909f56bfc062723c751e8b465ee728b)
Start importing Assets/StarSparrow/Prefabs/Modular Examples/StarSparrow1.prefab using Guid(0478b1e28fd9831458b0f051b9d2ad8b) Importer(815301076,1909f56bfc062723c751e8b465ee728b)  -> (artifact id: '287054ab5a24c77800c868309227dade') in 0.016235 seconds 
========================================================================
Received Import Request.
  Time since last request: 0.025003 seconds.
  path: Assets/StarSparrow/Prefabs/Modular Examples/StarSparrow3.prefab
  artifactKey: Guid(dc92f6c59177d3b48834d869261d80b1) Importer(815301076,1909f56bfc062723c751e8b465ee728b)
Start importing Assets/StarSparrow/Prefabs/Modular Examples/StarSparrow3.prefab using Guid(dc92f6c59177d3b48834d869261d80b1) Importer(815301076,1909f56bfc062723c751e8b465ee728b)  -> (artifact id: '4bcd0a586ee73da5ff8658c541d706ef') in 0.064282 seconds 
========================================================================
Received Import Request.
  Time since last request: 0.000019 seconds.
  path: Assets/StarSparrow/Prefabs/Modular Examples/StarSparrow9.prefab
  artifactKey: Guid(e47736c9193f7dd4d8dc3eef50ba64c0) Importer(815301076,1909f56bfc062723c751e8b465ee728b)
Start importing Assets/StarSparrow/Prefabs/Modular Examples/StarSparrow9.prefab using Guid(e47736c9193f7dd4d8dc3eef50ba64c0) Importer(815301076,1909f56bfc062723c751e8b465ee728b)  -> (artifact id: 'ab2fd379d56558393fede218917cfdcd') in 0.014579 seconds 
========================================================================
Received Import Request.
  Time since last request: 0.000027 seconds.
  path: Assets/StarSparrow/Prefabs/Modular Examples/StarSparrow12.prefab
  artifactKey: Guid(137404c3ccadbc94c8eafe555ab8aaee) Importer(815301076,1909f56bfc062723c751e8b465ee728b)
Start importing Assets/StarSparrow/Prefabs/Modular Examples/StarSparrow12.prefab using Guid(137404c3ccadbc94c8eafe555ab8aaee) Importer(815301076,1909f56bfc062723c751e8b465ee728b)  -> (artifact id: '4585cdf091f7f68b87eaa15fff213734') in 0.004078 seconds 
========================================================================
Received Import Request.
  Time since last request: 0.000051 seconds.
  path: Assets/StarSparrow/Prefabs/Modular Examples/StarSparrow18.prefab
  artifactKey: Guid(aae4d5d87da633540b5fbe5ecc1e173b) Importer(815301076,1909f56bfc062723c751e8b465ee728b)
Start importing Assets/StarSparrow/Prefabs/Modular Examples/StarSparrow18.prefab using Guid(aae4d5d87da633540b5fbe5ecc1e173b) Importer(815301076,1909f56bfc062723c751e8b465ee728b)  -> (artifact id: '2d21cbe93644d6b4023f50204b57728f') in 0.004438 seconds 
========================================================================
Received Import Request.
  Time since last request: 0.000027 seconds.
  path: Assets/StarSparrow/Prefabs/Modular Examples/StarSparrow11.prefab
  artifactKey: Guid(668f40e714e20ed499014cc822acdb9f) Importer(815301076,1909f56bfc062723c751e8b465ee728b)
Start importing Assets/StarSparrow/Prefabs/Modular Examples/StarSparrow11.prefab using Guid(668f40e714e20ed499014cc822acdb9f) Importer(815301076,1909f56bfc062723c751e8b465ee728b)  -> (artifact id: '69992e3b6fe88a3c715c8aae040b0540') in 0.004700 seconds 
========================================================================
Received Import Request.
  Time since last request: 0.000019 seconds.
  path: Assets/StarSparrow/Prefabs/Modular Examples/StarSparrow13.prefab
  artifactKey: Guid(aa5781bb5b506524782c6e082a5127e9) Importer(815301076,1909f56bfc062723c751e8b465ee728b)
Start importing Assets/StarSparrow/Prefabs/Modular Examples/StarSparrow13.prefab using Guid(aa5781bb5b506524782c6e082a5127e9) Importer(815301076,1909f56bfc062723c751e8b465ee728b)  -> (artifact id: '8e340c8b327fe34d9f3bd7a6b3383f6a') in 0.004334 seconds 
========================================================================
Received Import Request.
  Time since last request: 1.370794 seconds.
  path: Assets/StarSparrow/Prefabs/BonusContent
  artifactKey: Guid(b481069d0e76fef479ad543caab87096) Importer(815301076,1909f56bfc062723c751e8b465ee728b)
Start importing Assets/StarSparrow/Prefabs/BonusContent using Guid(b481069d0e76fef479ad543caab87096) Importer(815301076,1909f56bfc062723c751e8b465ee728b)  -> (artifact id: '2e87f97a0cb80b3729b5a97593f14400') in 0.032357 seconds 
========================================================================
Received Import Request.
  Time since last request: 0.000022 seconds.
  path: Assets/StarSparrow/Prefabs/BonusContent/Bomb.prefab
  artifactKey: Guid(54958f8430f04ae4ab653a498c64314c) Importer(815301076,1909f56bfc062723c751e8b465ee728b)
Start importing Assets/StarSparrow/Prefabs/BonusContent/Bomb.prefab using Guid(54958f8430f04ae4ab653a498c64314c) Importer(815301076,1909f56bfc062723c751e8b465ee728b)  -> (artifact id: '8733722278573bc10aaa7b70a926c7f5') in 0.137064 seconds 
========================================================================
Received Import Request.
  Time since last request: 0.000023 seconds.
  path: Assets/StarSparrow/Prefabs/BonusContent/Mine Sample 2.prefab
  artifactKey: Guid(fa8aadfb07ca2034188c69c6f2ab4624) Importer(815301076,1909f56bfc062723c751e8b465ee728b)
Start importing Assets/StarSparrow/Prefabs/BonusContent/Mine Sample 2.prefab using Guid(fa8aadfb07ca2034188c69c6f2ab4624) Importer(815301076,1909f56bfc062723c751e8b465ee728b)  -> (artifact id: '3d090781758bdc02ce6b35f18caeab60') in 0.011359 seconds 
========================================================================
Received Import Request.
  Time since last request: 7.387749 seconds.
  path: Assets/StarSparrow/Readme/Readme Files/Scripts
  artifactKey: Guid(5a9bcd70e6a4b4b05badaa72e827d8e0) Importer(815301076,1909f56bfc062723c751e8b465ee728b)
Start importing Assets/StarSparrow/Readme/Readme Files/Scripts using Guid(5a9bcd70e6a4b4b05badaa72e827d8e0) Importer(815301076,1909f56bfc062723c751e8b465ee728b)  -> (artifact id: 'e7e4f6b8bed51f2d5bb97777514a10e9') in 0.001508 seconds 
========================================================================
Received Import Request.
  Time since last request: 6.894693 seconds.
  path: Assets/StarSparrow/SubstancePainter
  artifactKey: Guid(b7e3aedf030594046950311a17db8dad) Importer(815301076,1909f56bfc062723c751e8b465ee728b)
Start importing Assets/StarSparrow/SubstancePainter using Guid(b7e3aedf030594046950311a17db8dad) Importer(815301076,1909f56bfc062723c751e8b465ee728b)  -> (artifact id: '98840021d1242315ab0e1975a4fbb411') in 0.002665 seconds 
========================================================================
Received Import Request.
  Time since last request: 1.456743 seconds.
  path: Assets/StarSparrow/SubstancePainter/StarSparrow.spp
  artifactKey: Guid(2c06486ad35b0db4597ad6996abee48d) Importer(815301076,1909f56bfc062723c751e8b465ee728b)
Start importing Assets/StarSparrow/SubstancePainter/StarSparrow.spp using Guid(2c06486ad35b0db4597ad6996abee48d) Importer(815301076,1909f56bfc062723c751e8b465ee728b)  -> (artifact id: 'ffb69ae7a28e0e54c5c3f38e0205b1aa') in 0.005685 seconds 
========================================================================
Received Import Request.
  Time since last request: 2.652899 seconds.
  path: Assets/StarSparrow/Textures
  artifactKey: Guid(520e0c05383e58a49bf1eb68ec89148d) Importer(815301076,1909f56bfc062723c751e8b465ee728b)
Start importing Assets/StarSparrow/Textures using Guid(520e0c05383e58a49bf1eb68ec89148d) Importer(815301076,1909f56bfc062723c751e8b465ee728b)  -> (artifact id: 'b5a7f813a6909a6d1818afe82968e439') in 0.001528 seconds 
========================================================================
Received Import Request.
  Time since last request: 5.862086 seconds.
  path: Assets/StarSparrow/Textures/Masks
  artifactKey: Guid(bb2b35ff5e2bff64baefaa2fca2a369b) Importer(815301076,1909f56bfc062723c751e8b465ee728b)
Start importing Assets/StarSparrow/Textures/Masks using Guid(bb2b35ff5e2bff64baefaa2fca2a369b) Importer(815301076,1909f56bfc062723c751e8b465ee728b)  -> (artifact id: 'f89f0fdfc3a0a81a9532f8b037330044') in 0.003149 seconds 
========================================================================
Received Import Request.
  Time since last request: 36.988393 seconds.
  path: Assets/StarSparrow/UpgradeURP
  artifactKey: Guid(c2d46b3b059fd4743a2874f8ea8c14cb) Importer(815301076,1909f56bfc062723c751e8b465ee728b)
Start importing Assets/StarSparrow/UpgradeURP using Guid(c2d46b3b059fd4743a2874f8ea8c14cb) Importer(815301076,1909f56bfc062723c751e8b465ee728b)  -> (artifact id: '43cd7f184f491b53e03c89568a808a3b') in 0.002413 seconds 
========================================================================
Received Import Request.
  Time since last request: 1.113229 seconds.
  path: Assets/StarSparrow/UpgradeURP/URP_Materials.unitypackage
  artifactKey: Guid(ab51692b9870fbe44807232a1ad0875c) Importer(815301076,1909f56bfc062723c751e8b465ee728b)
Start importing Assets/StarSparrow/UpgradeURP/URP_Materials.unitypackage using Guid(ab51692b9870fbe44807232a1ad0875c) Importer(815301076,1909f56bfc062723c751e8b465ee728b)  -> (artifact id: 'aecff3ef181beaceaecfc9ad0993baad') in 0.029884 seconds 
========================================================================
Received Import Request.
  Time since last request: 1.925595 seconds.
  path: Assets/StarSparrow/UpgradeHDRP
  artifactKey: Guid(278fcf6ecdc97114f9be0e40cb07fd10) Importer(815301076,1909f56bfc062723c751e8b465ee728b)
Start importing Assets/StarSparrow/UpgradeHDRP using Guid(278fcf6ecdc97114f9be0e40cb07fd10) Importer(815301076,1909f56bfc062723c751e8b465ee728b)  -> (artifact id: 'fba012e6ca0d0e91d24550fc691af791') in 0.002361 seconds 
========================================================================
Received Prepare
Registering precompiled user dll's ...
Registered in 0.002796 seconds.
Begin MonoManager ReloadAssembly
Symbol file LoadedFromMemory is not a mono symbol file
Native extension for WindowsStandalone target not found
Refreshing native plugins compatible for Editor in 0.62 ms, found 2 plugins.
Preloading 0 native plugins for Editor in 0.00 ms.
Mono: successfully reloaded assembly
- Completed reload, in  1.261 seconds
Domain Reload Profiling:
	ReloadAssembly (1263ms)
		BeginReloadAssembly (175ms)
			ExecutionOrderSort (0ms)
			DisableScriptedObjects (7ms)
			BackupInstance (0ms)
			ReleaseScriptingObjects (0ms)
			CreateAndSetChildDomain (42ms)
		EndReloadAssembly (976ms)
			LoadAssemblies (131ms)
			RebuildTransferFunctionScriptingTraits (0ms)
			SetupTypeCache (230ms)
			ReleaseScriptCaches (1ms)
			RebuildScriptCaches (48ms)
			SetupLoadedEditorAssemblies (498ms)
				LogAssemblyErrors (0ms)
				InitializePlatformSupportModulesInManaged (18ms)
				SetLoadedEditorAssemblies (1ms)
				RefreshPlugins (1ms)
				BeforeProcessingInitializeOnLoad (58ms)
				ProcessInitializeOnLoadAttributes (374ms)
				ProcessInitializeOnLoadMethodAttributes (43ms)
				AfterProcessingInitializeOnLoad (4ms)
				EditorAssembliesLoaded (0ms)
			ExecutionOrderSort2 (0ms)
			AwakeInstancesAfterBackupRestoration (18ms)
Platform modules already initialized, skipping
Refreshing native plugins compatible for Editor in 2.05 ms, found 2 plugins.
Preloading 0 native plugins for Editor in 0.00 ms.
Unloading 1737 Unused Serialized files (Serialized files now loaded: 0)
Unloading 11 unused Assets / (95.4 KB). Loaded Objects now: 2274.
Memory consumption went from 155.6 MB to 155.5 MB.
Total: 3.385900 ms (FindLiveObjects: 0.187100 ms CreateObjectMapping: 0.086200 ms MarkObjects: 3.062700 ms  DeleteObjects: 0.048600 ms)

AssetImportParameters requested are different than current active one (requested -> active):
  custom:video-decoder-ogg-theora: a1e56fd34408186e4bbccfd4996cb3dc -> 
  custom:container-muxer-webm: aa71ff27fc2769a1b78a27578f13a17b -> 
  custom:container-demuxer-webm: 4f35f7cbe854078d1ac9338744f61a02 -> 
  custom:video-encoder-webm-vp8: eb34c28f22e8b96e1ab97ce403110664 -> 
  custom:video-codec-MediaFoundation-h265: 746d11721c4dcdbdad8f713fa42b33f4 -> 
  custom:audio-encoder-webm-vorbis: bf7c407c2cedff20999df2af8eb42d56 -> 
  custom:framework-win-MediaFoundation: 216162199b28c13a410421893ffa2e32 -> 
  custom:container-demuxer-ogg: 62fdf1f143b41e24485cea50d1cbac27 -> 
  custom:video-decoder-webm-vp8: 9c59270c3fd7afecdb556c50c9e8de78 -> 
  custom:audio-decoder-ogg-vorbis: bf7c407c2cedff20999df2af8eb42d56 -> 
========================================================================
Received Import Request.
  Time since last request: 218.374667 seconds.
  path: Assets/Real Stars Skybox/StarSkybox04Named
  artifactKey: Guid(2c51c54624e6be8428dbcea1f097167f) Importer(815301076,1909f56bfc062723c751e8b465ee728b)
Start importing Assets/Real Stars Skybox/StarSkybox04Named using Guid(2c51c54624e6be8428dbcea1f097167f) Importer(815301076,1909f56bfc062723c751e8b465ee728b)  -> (artifact id: '808b5dd5062a3590f528b94677c3f753') in 0.008412 seconds 
========================================================================
Received Import Request.
  Time since last request: 0.848632 seconds.
  path: Assets/Real Stars Skybox/StarSkybox04NamedConstell
  artifactKey: Guid(37d8d21b45e09f84c90dfa8ba142e1b9) Importer(815301076,1909f56bfc062723c751e8b465ee728b)
Start importing Assets/Real Stars Skybox/StarSkybox04NamedConstell using Guid(37d8d21b45e09f84c90dfa8ba142e1b9) Importer(815301076,1909f56bfc062723c751e8b465ee728b)  -> (artifact id: '170f9ce54daa22937309dd097575b11a') in 0.002284 seconds 
========================================================================
Received Import Request.
  Time since last request: 0.816257 seconds.
  path: Assets/Real Stars Skybox/StarSkybox04NamedConstell/CubemapStarsNamedConstellations.cubemap
  artifactKey: Guid(f57e241cdb19d3c4788594fdd1e24c73) Importer(815301076,1909f56bfc062723c751e8b465ee728b)
Start importing Assets/Real Stars Skybox/StarSkybox04NamedConstell/CubemapStarsNamedConstellations.cubemap using Guid(f57e241cdb19d3c4788594fdd1e24c73) Importer(815301076,1909f56bfc062723c751e8b465ee728b)  -> (artifact id: 'be455481d8bba3b869be61bbd5a03b98') in 1.779944 seconds 
========================================================================
Received Import Request.
  Time since last request: 0.000064 seconds.
  path: Assets/Real Stars Skybox/StarSkybox04NamedConstell/StarSkybox04NamedConstell6.png
  artifactKey: Guid(8618acc75ce91dc4494071915deab9c0) Importer(815301076,1909f56bfc062723c751e8b465ee728b)
Start importing Assets/Real Stars Skybox/StarSkybox04NamedConstell/StarSkybox04NamedConstell6.png using Guid(8618acc75ce91dc4494071915deab9c0) Importer(815301076,1909f56bfc062723c751e8b465ee728b)  -> (artifact id: '592a4e53baf90b79f4fe6654e3aef3e9') in 0.039384 seconds 
========================================================================
Received Import Request.
  Time since last request: 0.000024 seconds.
  path: Assets/Real Stars Skybox/StarSkybox04NamedConstell/StarSkybox04NamedConstell4.png
  artifactKey: Guid(a286e1629b6f5414d8cc5f6f27dbc131) Importer(815301076,1909f56bfc062723c751e8b465ee728b)
Start importing Assets/Real Stars Skybox/StarSkybox04NamedConstell/StarSkybox04NamedConstell4.png using Guid(a286e1629b6f5414d8cc5f6f27dbc131) Importer(815301076,1909f56bfc062723c751e8b465ee728b)  -> (artifact id: '390a86237453cbe30ea744d74bf54619') in 0.013121 seconds 
========================================================================
Received Import Request.
  Time since last request: 0.000020 seconds.
  path: Assets/Real Stars Skybox/StarSkybox04NamedConstell/StarSkybox04NamedConstell1.png
  artifactKey: Guid(14dc5b7e061db634287a9d257530bb56) Importer(815301076,1909f56bfc062723c751e8b465ee728b)
Start importing Assets/Real Stars Skybox/StarSkybox04NamedConstell/StarSkybox04NamedConstell1.png using Guid(14dc5b7e061db634287a9d257530bb56) Importer(815301076,1909f56bfc062723c751e8b465ee728b)  -> (artifact id: '3bd2d2abe2affc0d5aa215778883b52d') in 0.011518 seconds 
========================================================================
Received Import Request.
  Time since last request: 0.877750 seconds.
  path: Assets/Real Stars Skybox/StarSkybox04Named/CubemapStarsNamed.cubemap
  artifactKey: Guid(ec138a587ef5adc488cf01a681a9e4c2) Importer(815301076,1909f56bfc062723c751e8b465ee728b)
Start importing Assets/Real Stars Skybox/StarSkybox04Named/CubemapStarsNamed.cubemap using Guid(ec138a587ef5adc488cf01a681a9e4c2) Importer(815301076,1909f56bfc062723c751e8b465ee728b)  -> (artifact id: 'da6447a289d56ab9d9bb39321ba10a3c') in 1.764895 seconds 
========================================================================
Received Import Request.
  Time since last request: 11.385920 seconds.
  path: Assets/Asteroids Pack
  artifactKey: Guid(ee0e06b8b915d5447a22adf2902dad1e) Importer(815301076,1909f56bfc062723c751e8b465ee728b)
Start importing Assets/Asteroids Pack using Guid(ee0e06b8b915d5447a22adf2902dad1e) Importer(815301076,1909f56bfc062723c751e8b465ee728b)  -> (artifact id: 'dc87caac9fe2148044b4b8c4c70dc585') in 0.002385 seconds 
========================================================================
Received Prepare
Registering precompiled user dll's ...
Registered in 0.002910 seconds.
Begin MonoManager ReloadAssembly
Symbol file LoadedFromMemory is not a mono symbol file
Native extension for WindowsStandalone target not found
Refreshing native plugins compatible for Editor in 0.41 ms, found 2 plugins.
Preloading 0 native plugins for Editor in 0.00 ms.
Mono: successfully reloaded assembly
- Completed reload, in  1.235 seconds
Domain Reload Profiling:
	ReloadAssembly (1236ms)
		BeginReloadAssembly (176ms)
			ExecutionOrderSort (0ms)
			DisableScriptedObjects (7ms)
			BackupInstance (0ms)
			ReleaseScriptingObjects (0ms)
			CreateAndSetChildDomain (40ms)
		EndReloadAssembly (942ms)
			LoadAssemblies (138ms)
			RebuildTransferFunctionScriptingTraits (0ms)
			SetupTypeCache (227ms)
			ReleaseScriptCaches (1ms)
			RebuildScriptCaches (53ms)
			SetupLoadedEditorAssemblies (485ms)
				LogAssemblyErrors (0ms)
				InitializePlatformSupportModulesInManaged (14ms)
				SetLoadedEditorAssemblies (1ms)
				RefreshPlugins (0ms)
				BeforeProcessingInitializeOnLoad (53ms)
				ProcessInitializeOnLoadAttributes (372ms)
				ProcessInitializeOnLoadMethodAttributes (41ms)
				AfterProcessingInitializeOnLoad (4ms)
				EditorAssembliesLoaded (0ms)
			ExecutionOrderSort2 (0ms)
			AwakeInstancesAfterBackupRestoration (18ms)
Platform modules already initialized, skipping
Refreshing native plugins compatible for Editor in 1.32 ms, found 2 plugins.
Preloading 0 native plugins for Editor in 0.00 ms.
Unloading 1737 Unused Serialized files (Serialized files now loaded: 0)
Unloading 11 unused Assets / (95.4 KB). Loaded Objects now: 2315.
Memory consumption went from 155.9 MB to 155.8 MB.
Total: 7.136400 ms (FindLiveObjects: 0.440700 ms CreateObjectMapping: 0.129100 ms MarkObjects: 6.508800 ms  DeleteObjects: 0.055400 ms)

AssetImportParameters requested are different than current active one (requested -> active):
  custom:video-decoder-ogg-theora: a1e56fd34408186e4bbccfd4996cb3dc -> 
  custom:container-muxer-webm: aa71ff27fc2769a1b78a27578f13a17b -> 
  custom:container-demuxer-webm: 4f35f7cbe854078d1ac9338744f61a02 -> 
  custom:video-encoder-webm-vp8: eb34c28f22e8b96e1ab97ce403110664 -> 
  custom:video-codec-MediaFoundation-h265: 746d11721c4dcdbdad8f713fa42b33f4 -> 
  custom:audio-encoder-webm-vorbis: bf7c407c2cedff20999df2af8eb42d56 -> 
  custom:framework-win-MediaFoundation: 216162199b28c13a410421893ffa2e32 -> 
  custom:container-demuxer-ogg: 62fdf1f143b41e24485cea50d1cbac27 -> 
  custom:video-decoder-webm-vp8: 9c59270c3fd7afecdb556c50c9e8de78 -> 
  custom:audio-decoder-ogg-vorbis: bf7c407c2cedff20999df2af8eb42d56 -> 
========================================================================
Received Prepare
Registering precompiled user dll's ...
Registered in 0.003589 seconds.
Begin MonoManager ReloadAssembly
Symbol file LoadedFromMemory is not a mono symbol file
Native extension for WindowsStandalone target not found
Refreshing native plugins compatible for Editor in 3.22 ms, found 2 plugins.
Preloading 0 native plugins for Editor in 0.00 ms.
Mono: successfully reloaded assembly
- Completed reload, in  1.706 seconds
Domain Reload Profiling:
	ReloadAssembly (1708ms)
		BeginReloadAssembly (173ms)
			ExecutionOrderSort (0ms)
			DisableScriptedObjects (5ms)
			BackupInstance (0ms)
			ReleaseScriptingObjects (0ms)
			CreateAndSetChildDomain (37ms)
		EndReloadAssembly (1408ms)
			LoadAssemblies (135ms)
			RebuildTransferFunctionScriptingTraits (0ms)
			SetupTypeCache (297ms)
			ReleaseScriptCaches (1ms)
			RebuildScriptCaches (69ms)
			SetupLoadedEditorAssemblies (793ms)
				LogAssemblyErrors (0ms)
				InitializePlatformSupportModulesInManaged (25ms)
				SetLoadedEditorAssemblies (2ms)
				RefreshPlugins (3ms)
				BeforeProcessingInitializeOnLoad (78ms)
				ProcessInitializeOnLoadAttributes (609ms)
				ProcessInitializeOnLoadMethodAttributes (68ms)
				AfterProcessingInitializeOnLoad (6ms)
				EditorAssembliesLoaded (1ms)
			ExecutionOrderSort2 (0ms)
			AwakeInstancesAfterBackupRestoration (25ms)
Platform modules already initialized, skipping
Refreshing native plugins compatible for Editor in 2.93 ms, found 2 plugins.
Preloading 0 native plugins for Editor in 0.00 ms.
Unloading 1737 Unused Serialized files (Serialized files now loaded: 0)
Unloading 11 unused Assets / (95.4 KB). Loaded Objects now: 2330.
Memory consumption went from 155.9 MB to 155.8 MB.
Total: 7.956700 ms (FindLiveObjects: 0.264700 ms CreateObjectMapping: 0.110200 ms MarkObjects: 7.239000 ms  DeleteObjects: 0.248400 ms)

AssetImportParameters requested are different than current active one (requested -> active):
  custom:video-decoder-ogg-theora: a1e56fd34408186e4bbccfd4996cb3dc -> 
  custom:container-muxer-webm: aa71ff27fc2769a1b78a27578f13a17b -> 
  custom:container-demuxer-webm: 4f35f7cbe854078d1ac9338744f61a02 -> 
  custom:video-encoder-webm-vp8: eb34c28f22e8b96e1ab97ce403110664 -> 
  custom:video-codec-MediaFoundation-h265: 746d11721c4dcdbdad8f713fa42b33f4 -> 
  custom:audio-encoder-webm-vorbis: bf7c407c2cedff20999df2af8eb42d56 -> 
  custom:framework-win-MediaFoundation: 216162199b28c13a410421893ffa2e32 -> 
  custom:container-demuxer-ogg: 62fdf1f143b41e24485cea50d1cbac27 -> 
  custom:video-decoder-webm-vp8: 9c59270c3fd7afecdb556c50c9e8de78 -> 
  custom:audio-decoder-ogg-vorbis: bf7c407c2cedff20999df2af8eb42d56 -> 
========================================================================
Received Prepare
Registering precompiled user dll's ...
Registered in 0.002879 seconds.
Begin MonoManager ReloadAssembly
Symbol file LoadedFromMemory is not a mono symbol file
Native extension for WindowsStandalone target not found
Refreshing native plugins compatible for Editor in 0.66 ms, found 2 plugins.
Preloading 0 native plugins for Editor in 0.00 ms.
Mono: successfully reloaded assembly
- Completed reload, in  1.220 seconds
Domain Reload Profiling:
	ReloadAssembly (1221ms)
		BeginReloadAssembly (178ms)
			ExecutionOrderSort (0ms)
			DisableScriptedObjects (8ms)
			BackupInstance (0ms)
			ReleaseScriptingObjects (0ms)
			CreateAndSetChildDomain (46ms)
		EndReloadAssembly (916ms)
			LoadAssemblies (132ms)
			RebuildTransferFunctionScriptingTraits (0ms)
			SetupTypeCache (225ms)
			ReleaseScriptCaches (1ms)
			RebuildScriptCaches (54ms)
			SetupLoadedEditorAssemblies (460ms)
				LogAssemblyErrors (0ms)
				InitializePlatformSupportModulesInManaged (12ms)
				SetLoadedEditorAssemblies (1ms)
				RefreshPlugins (1ms)
				BeforeProcessingInitializeOnLoad (49ms)
				ProcessInitializeOnLoadAttributes (351ms)
				ProcessInitializeOnLoadMethodAttributes (44ms)
				AfterProcessingInitializeOnLoad (4ms)
				EditorAssembliesLoaded (0ms)
			ExecutionOrderSort2 (0ms)
			AwakeInstancesAfterBackupRestoration (19ms)
Platform modules already initialized, skipping
Refreshing native plugins compatible for Editor in 1.32 ms, found 2 plugins.
Preloading 0 native plugins for Editor in 0.00 ms.
Unloading 1737 Unused Serialized files (Serialized files now loaded: 0)
Unloading 11 unused Assets / (95.3 KB). Loaded Objects now: 2345.
Memory consumption went from 155.9 MB to 155.8 MB.
Total: 4.155500 ms (FindLiveObjects: 0.222800 ms CreateObjectMapping: 0.084000 ms MarkObjects: 3.755500 ms  DeleteObjects: 0.091600 ms)

AssetImportParameters requested are different than current active one (requested -> active):
  custom:video-decoder-ogg-theora: a1e56fd34408186e4bbccfd4996cb3dc -> 
  custom:container-muxer-webm: aa71ff27fc2769a1b78a27578f13a17b -> 
  custom:container-demuxer-webm: 4f35f7cbe854078d1ac9338744f61a02 -> 
  custom:video-encoder-webm-vp8: eb34c28f22e8b96e1ab97ce403110664 -> 
  custom:video-codec-MediaFoundation-h265: 746d11721c4dcdbdad8f713fa42b33f4 -> 
  custom:audio-encoder-webm-vorbis: bf7c407c2cedff20999df2af8eb42d56 -> 
  custom:framework-win-MediaFoundation: 216162199b28c13a410421893ffa2e32 -> 
  custom:container-demuxer-ogg: 62fdf1f143b41e24485cea50d1cbac27 -> 
  custom:video-decoder-webm-vp8: 9c59270c3fd7afecdb556c50c9e8de78 -> 
  custom:audio-decoder-ogg-vorbis: bf7c407c2cedff20999df2af8eb42d56 -> 
========================================================================
Received Import Request.
  Time since last request: 399.241538 seconds.
  path: Assets/Timeline/1.playable
  artifactKey: Guid(3b6f5dce5bdd54c4db71a8f273f97115) Importer(815301076,1909f56bfc062723c751e8b465ee728b)
Start importing Assets/Timeline/1.playable using Guid(3b6f5dce5bdd54c4db71a8f273f97115) Importer(815301076,1909f56bfc062723c751e8b465ee728b)  -> (artifact id: '988c072ebd59c50b5cf363c116ea962c') in 0.242292 seconds 
========================================================================
Received Import Request.
  Time since last request: 342.154643 seconds.
  path: Assets/Samples/Cinemachine/2.8.4/Cinemachine Example Scenes/Scenes/Anywhere Door/CAM1.renderTexture
  artifactKey: Guid(e6d6687ecf534413f9989d00d53729b1) Importer(815301076,1909f56bfc062723c751e8b465ee728b)
Start importing Assets/Samples/Cinemachine/2.8.4/Cinemachine Example Scenes/Scenes/Anywhere Door/CAM1.renderTexture using Guid(e6d6687ecf534413f9989d00d53729b1) Importer(815301076,1909f56bfc062723c751e8b465ee728b)  -> (artifact id: '18a8c3a2abc4aa33d446968d9948b112') in 0.365952 seconds 
========================================================================
Received Import Request.
  Time since last request: 0.000027 seconds.
  path: Assets/Samples/Cinemachine/2.8.4/Cinemachine Example Scenes/Shared/Textures/GridBox_blue.png
  artifactKey: Guid(f63eea91ff30e6d48800caa1ebc457ef) Importer(815301076,1909f56bfc062723c751e8b465ee728b)
Start importing Assets/Samples/Cinemachine/2.8.4/Cinemachine Example Scenes/Shared/Textures/GridBox_blue.png using Guid(f63eea91ff30e6d48800caa1ebc457ef) Importer(815301076,1909f56bfc062723c751e8b465ee728b)  -> (artifact id: '3581de045d1e299f67db441524479e83') in 2.336926 seconds 
========================================================================
Received Import Request.
  Time since last request: 0.000038 seconds.
  path: Assets/Samples/Cinemachine/2.8.4/Cinemachine Example Scenes/Scenes/CameraMagnets/Proximity.png
  artifactKey: Guid(a29985f57f2a444dcae5c5e3a1ad420b) Importer(815301076,1909f56bfc062723c751e8b465ee728b)
Start importing Assets/Samples/Cinemachine/2.8.4/Cinemachine Example Scenes/Scenes/CameraMagnets/Proximity.png using Guid(a29985f57f2a444dcae5c5e3a1ad420b) Importer(815301076,1909f56bfc062723c751e8b465ee728b)  -> (artifact id: 'd14efbaf275622e2abc88f06a3684608') in 0.659841 seconds 
========================================================================
Received Import Request.
  Time since last request: 0.000045 seconds.
  path: Assets/Samples/Cinemachine/2.8.4/Cinemachine Example Scenes/Scenes/Anywhere Door/Lightmap-0_comp_dir.png
  artifactKey: Guid(49f39d631ef86416c9eef8f45c543517) Importer(815301076,1909f56bfc062723c751e8b465ee728b)
Start importing Assets/Samples/Cinemachine/2.8.4/Cinemachine Example Scenes/Scenes/Anywhere Door/Lightmap-0_comp_dir.png using Guid(49f39d631ef86416c9eef8f45c543517) Importer(815301076,1909f56bfc062723c751e8b465ee728b)  -> (artifact id: '1ba7c8601ccab786f71380f0d3bfbc13') in 0.261277 seconds 
========================================================================
Received Import Request.
  Time since last request: 0.000052 seconds.
  path: Assets/Samples/Cinemachine/2.8.4/Cinemachine Example Scenes/Scenes/Anywhere Door/Lightmap-0_comp_light.exr
  artifactKey: Guid(6d40b024da9664dd89399754274f6761) Importer(815301076,1909f56bfc062723c751e8b465ee728b)
Start importing Assets/Samples/Cinemachine/2.8.4/Cinemachine Example Scenes/Scenes/Anywhere Door/Lightmap-0_comp_light.exr using Guid(6d40b024da9664dd89399754274f6761) Importer(815301076,1909f56bfc062723c751e8b465ee728b)  -> (artifact id: '730a64f2d88b56b928aa56bd62d426d7') in 0.305057 seconds 
========================================================================
Received Import Request.
  Time since last request: 0.000026 seconds.
  path: Assets/Samples/Cinemachine/2.8.4/Cinemachine Example Scenes/Shared/Textures/crosshair.png
  artifactKey: Guid(1a1da36a104725048b8d2388fb8d321d) Importer(815301076,1909f56bfc062723c751e8b465ee728b)
Start importing Assets/Samples/Cinemachine/2.8.4/Cinemachine Example Scenes/Shared/Textures/crosshair.png using Guid(1a1da36a104725048b8d2388fb8d321d) Importer(815301076,1909f56bfc062723c751e8b465ee728b)  -> (artifact id: '88a2051e125e40fdb0ededc29321f350') in 0.059171 seconds 
========================================================================
Received Import Request.
  Time since last request: 0.000022 seconds.
  path: Assets/Samples/Cinemachine/2.8.4/Cinemachine Example Scenes/Scenes/Anywhere Door/ReflectionProbe-0.exr
  artifactKey: Guid(a16639fe411a545a9a8d7f17cf816377) Importer(815301076,1909f56bfc062723c751e8b465ee728b)
Start importing Assets/Samples/Cinemachine/2.8.4/Cinemachine Example Scenes/Scenes/Anywhere Door/ReflectionProbe-0.exr using Guid(a16639fe411a545a9a8d7f17cf816377) Importer(815301076,1909f56bfc062723c751e8b465ee728b)  -> (artifact id: '9410138610392190f539d25c9694f9ce') in 0.161385 seconds 
========================================================================
Received Import Request.
  Time since last request: 0.300262 seconds.
  path: Assets/Samples/Cinemachine/2.8.4/Cinemachine Example Scenes/Shared/Models/UnityCharacter/Models/Textures/DefaultMale_Occlusion.tif
  artifactKey: Guid(6ea50cf81e05dce4395defcd7888072c) Importer(815301076,1909f56bfc062723c751e8b465ee728b)
Start importing Assets/Samples/Cinemachine/2.8.4/Cinemachine Example Scenes/Shared/Models/UnityCharacter/Models/Textures/DefaultMale_Occlusion.tif using Guid(6ea50cf81e05dce4395defcd7888072c) Importer(815301076,1909f56bfc062723c751e8b465ee728b)  -> (artifact id: 'ec3689aa4e0858a242911946b11645a8') in 0.021494 seconds 
========================================================================
Received Import Request.
  Time since last request: 0.046998 seconds.
  path: Assets/Samples/Cinemachine/2.8.4/Cinemachine Example Scenes/Shared/Models/UnityCharacter/Models/Textures/DefaultMale_Normal.tif
  artifactKey: Guid(dd91d06b39ab6db48974409beafe5d94) Importer(815301076,1909f56bfc062723c751e8b465ee728b)
Start importing Assets/Samples/Cinemachine/2.8.4/Cinemachine Example Scenes/Shared/Models/UnityCharacter/Models/Textures/DefaultMale_Normal.tif using Guid(dd91d06b39ab6db48974409beafe5d94) Importer(815301076,1909f56bfc062723c751e8b465ee728b)  -> (artifact id: 'e29175a1c1e8c543e430668a7e3cb17e') in 0.049801 seconds 
========================================================================
Received Import Request.
  Time since last request: 18.662465 seconds.
  path: Assets/Resources/Skybox/NebulaSkyBox.mat
  artifactKey: Guid(cf56232acab3b8146a3b89cd509c26fc) Importer(815301076,1909f56bfc062723c751e8b465ee728b)
Start importing Assets/Resources/Skybox/NebulaSkyBox.mat using Guid(cf56232acab3b8146a3b89cd509c26fc) Importer(815301076,1909f56bfc062723c751e8b465ee728b)  -> (artifact id: '0d268d7fe4141834b2905f11669f0e2f') in 0.603070 seconds 
