Using pre-set license
Built from '2020.3/staging' branch; Version is '2020.3.14f1 (d0d1bb862f9d) revision 13685179'; Using compiler version '192528614'; Build Type 'Release'
OS: 'Windows 10 Home; OS build 18363.1556; Version 1909; 64bit' Language: 'en' Physical Memory: 8051 MB
BatchMode: 1, IsHumanControllingUs: 0, StartBugReporterOnCrash: 0, Is64bit: 1, IsPro: 0

 COMMAND LINE ARGUMENTS:
D:\UNITY\2020.3.14f1\Editor\Unity.exe
-adb2
-batchMode
-noUpm
-name
AssetImportWorker0
-projectPath
D:/DT228/games engine/GE2 star war
-logFile
Logs/AssetImportWorker0.log
-srvPort
11467
Successfully changed project path to: D:/DT228/games engine/GE2 star war
D:/DT228/games engine/GE2 star war
Using Asset Import Pipeline V2.
Refreshing native plugins compatible for Editor in 30.79 ms, found 2 plugins.
Preloading 0 native plugins for Editor in 0.00 ms.
Initialize engine version: 2020.3.14f1 (d0d1bb862f9d)
[Subsystems] Discovering subsystems at path D:/UNITY/2020.3.14f1/Editor/Data/Resources/UnitySubsystems
[Subsystems] Discovering subsystems at path D:/DT228/games engine/GE2 star war/Assets
GfxDevice: creating device client; threaded=0
Direct3D:
    Version:  Direct3D 11.0 [level 11.1]
    Renderer: NVIDIA GeForce GTX 1050 Ti (ID=0x1c8c)
    Vendor:   
    VRAM:     4018 MB
    Driver:   30.0.14.9729
Initialize mono
Mono path[0] = 'D:/UNITY/2020.3.14f1/Editor/Data/Managed'
Mono path[1] = 'D:/UNITY/2020.3.14f1/Editor/Data/MonoBleedingEdge/lib/mono/unityjit'
Mono config path = 'D:/UNITY/2020.3.14f1/Editor/Data/MonoBleedingEdge/etc'
Using monoOptions --debugger-agent=transport=dt_socket,embedding=1,server=y,suspend=n,address=127.0.0.1:56152
Begin MonoManager ReloadAssembly
Registering precompiled unity dll's ...
Register platform support module: D:/UNITY/2020.3.14f1/Editor/Data/PlaybackEngines/WindowsStandaloneSupport/UnityEditor.WindowsStandalone.Extensions.dll
Registered in 0.000963 seconds.
Native extension for WindowsStandalone target not found
Refreshing native plugins compatible for Editor in 23.55 ms, found 2 plugins.
Preloading 0 native plugins for Editor in 0.00 ms.
Mono: successfully reloaded assembly
- Completed reload, in  1.139 seconds
Domain Reload Profiling:
	ReloadAssembly (1139ms)
		BeginReloadAssembly (61ms)
			ExecutionOrderSort (0ms)
			DisableScriptedObjects (0ms)
			BackupInstance (0ms)
			ReleaseScriptingObjects (0ms)
			CreateAndSetChildDomain (1ms)
		EndReloadAssembly (387ms)
			LoadAssemblies (60ms)
			RebuildTransferFunctionScriptingTraits (0ms)
			SetupTypeCache (146ms)
			ReleaseScriptCaches (0ms)
			RebuildScriptCaches (31ms)
			SetupLoadedEditorAssemblies (142ms)
				LogAssemblyErrors (0ms)
				InitializePlatformSupportModulesInManaged (3ms)
				SetLoadedEditorAssemblies (0ms)
				RefreshPlugins (24ms)
				BeforeProcessingInitializeOnLoad (11ms)
				ProcessInitializeOnLoadAttributes (78ms)
				ProcessInitializeOnLoadMethodAttributes (26ms)
				AfterProcessingInitializeOnLoad (0ms)
				EditorAssembliesLoaded (0ms)
			ExecutionOrderSort2 (0ms)
			AwakeInstancesAfterBackupRestoration (0ms)
Platform modules already initialized, skipping
Registering precompiled user dll's ...
Registered in 0.003148 seconds.
Begin MonoManager ReloadAssembly
Native extension for WindowsStandalone target not found
Refreshing native plugins compatible for Editor in 0.27 ms, found 2 plugins.
Preloading 0 native plugins for Editor in 0.00 ms.
Mono: successfully reloaded assembly
- Completed reload, in  0.942 seconds
Domain Reload Profiling:
	ReloadAssembly (943ms)
		BeginReloadAssembly (146ms)
			ExecutionOrderSort (0ms)
			DisableScriptedObjects (4ms)
			BackupInstance (0ms)
			ReleaseScriptingObjects (0ms)
			CreateAndSetChildDomain (17ms)
		EndReloadAssembly (743ms)
			LoadAssemblies (92ms)
			RebuildTransferFunctionScriptingTraits (0ms)
			SetupTypeCache (257ms)
			ReleaseScriptCaches (0ms)
			RebuildScriptCaches (39ms)
			SetupLoadedEditorAssemblies (281ms)
				LogAssemblyErrors (0ms)
				InitializePlatformSupportModulesInManaged (4ms)
				SetLoadedEditorAssemblies (0ms)
				RefreshPlugins (0ms)
				BeforeProcessingInitializeOnLoad (90ms)
				ProcessInitializeOnLoadAttributes (179ms)
				ProcessInitializeOnLoadMethodAttributes (5ms)
				AfterProcessingInitializeOnLoad (2ms)
				EditorAssembliesLoaded (0ms)
			ExecutionOrderSort2 (0ms)
			AwakeInstancesAfterBackupRestoration (6ms)
Platform modules already initialized, skipping
========================================================================
Worker process is ready to serve import requests
Launched and connected shader compiler UnityShaderCompiler.exe after 0.17 seconds
Refreshing native plugins compatible for Editor in 0.30 ms, found 2 plugins.
Preloading 0 native plugins for Editor in 0.00 ms.
Unloading 1390 Unused Serialized files (Serialized files now loaded: 0)
System memory in use before: 67.6 MB.
System memory in use after: 67.6 MB.

Unloading 19 unused Assets to reduce memory usage. Loaded Objects now: 1824.
Total: 2.152000 ms (FindLiveObjects: 0.144600 ms CreateObjectMapping: 0.041200 ms MarkObjects: 1.890100 ms  DeleteObjects: 0.075300 ms)

AssetImportParameters requested are different than current active one (requested -> active):
  custom:framework-win-MediaFoundation: 216162199b28c13a410421893ffa2e32 -> 
  custom:video-decoder-ogg-theora: a1e56fd34408186e4bbccfd4996cb3dc -> 
  custom:container-muxer-webm: aa71ff27fc2769a1b78a27578f13a17b -> 
  custom:container-demuxer-webm: 4f35f7cbe854078d1ac9338744f61a02 -> 
  custom:container-demuxer-ogg: 62fdf1f143b41e24485cea50d1cbac27 -> 
  custom:video-encoder-webm-vp8: eb34c28f22e8b96e1ab97ce403110664 -> 
  custom:video-codec-MediaFoundation-h265: 746d11721c4dcdbdad8f713fa42b33f4 -> 
  custom:video-decoder-webm-vp8: 9c59270c3fd7afecdb556c50c9e8de78 -> 
  custom:audio-decoder-ogg-vorbis: bf7c407c2cedff20999df2af8eb42d56 -> 
  custom:audio-encoder-webm-vorbis: bf7c407c2cedff20999df2af8eb42d56 -> 
========================================================================
Received Import Request.
  path: Assets/F3_Corvette/Textures/F3_Yellow.tif
  artifactKey: Guid(a092f2b04513a644aa22f7940351bf93) Importer(815301076,1909f56bfc062723c751e8b465ee728b)
Start importing Assets/F3_Corvette/Textures/F3_Yellow.tif using Guid(a092f2b04513a644aa22f7940351bf93) Importer(815301076,1909f56bfc062723c751e8b465ee728b)  -> (artifact id: 'e5dbb6b910c24c840309cb8b49e82b7d') in 0.251965 seconds 
  Import took 0.305349 seconds .

========================================================================
Received Import Request.
  Time since last request: 0.000356 seconds.
  path: Assets/F3_Corvette/Textures/F3_Red.tif
  artifactKey: Guid(0281472901f2b3f42be55669e274d164) Importer(815301076,1909f56bfc062723c751e8b465ee728b)
Start importing Assets/F3_Corvette/Textures/F3_Red.tif using Guid(0281472901f2b3f42be55669e274d164) Importer(815301076,1909f56bfc062723c751e8b465ee728b)  -> (artifact id: '04fdb10f33af16dcadaa3271f82bd523') in 0.056346 seconds 
  Import took 0.086235 seconds .

========================================================================
Received Import Request.
  Time since last request: 0.000307 seconds.
  path: Assets/F3_Corvette/Textures/F3_roughness.tif
  artifactKey: Guid(e7c748002a5bf3b4bbca642f1617c325) Importer(815301076,1909f56bfc062723c751e8b465ee728b)
Start importing Assets/F3_Corvette/Textures/F3_roughness.tif using Guid(e7c748002a5bf3b4bbca642f1617c325) Importer(815301076,1909f56bfc062723c751e8b465ee728b)  -> (artifact id: '7577e25cdf2b30e0ded430d3a59de60b') in 0.047542 seconds 
  Import took 0.076072 seconds .

========================================================================
Received Import Request.
  Time since last request: 0.000375 seconds.
  path: Assets/F3_Corvette/Textures/F3_Grey.tif
  artifactKey: Guid(4c79293b48effba48b7adc038fe38f61) Importer(815301076,1909f56bfc062723c751e8b465ee728b)
Start importing Assets/F3_Corvette/Textures/F3_Grey.tif using Guid(4c79293b48effba48b7adc038fe38f61) Importer(815301076,1909f56bfc062723c751e8b465ee728b)  -> (artifact id: '6f9057c9dedca31532e6c9ecae63e892') in 0.134756 seconds 
  Import took 0.187928 seconds .

========================================================================
Received Import Request.
  Time since last request: 0.000312 seconds.
  path: Assets/F3_Corvette/Textures/F3_metallic.tif
  artifactKey: Guid(9727a61ea56c9a844b9eed9b30317414) Importer(815301076,1909f56bfc062723c751e8b465ee728b)
Start importing Assets/F3_Corvette/Textures/F3_metallic.tif using Guid(9727a61ea56c9a844b9eed9b30317414) Importer(815301076,1909f56bfc062723c751e8b465ee728b)  -> (artifact id: 'e4643c5d61cbcdbfcac600f2e3cb9624') in 0.025908 seconds 
  Import took 0.081224 seconds .

========================================================================
Received Import Request.
  Time since last request: 0.000246 seconds.
  path: Assets/F3_Corvette/Textures/F3_Green.tif
  artifactKey: Guid(b3b46c34242010445b60790dee02de1b) Importer(815301076,1909f56bfc062723c751e8b465ee728b)
Start importing Assets/F3_Corvette/Textures/F3_Green.tif using Guid(b3b46c34242010445b60790dee02de1b) Importer(815301076,1909f56bfc062723c751e8b465ee728b)  -> (artifact id: 'e646ac3b66c370bfe46245b0e56ff20a') in 0.128440 seconds 
  Import took 0.130538 seconds .

========================================================================
Received Import Request.
  Time since last request: 0.000376 seconds.
  path: Assets/F3_Corvette/Textures/F3_AO.tif
  artifactKey: Guid(1c2d94856a0846d46810faf0c4b38c22) Importer(815301076,1909f56bfc062723c751e8b465ee728b)
Start importing Assets/F3_Corvette/Textures/F3_AO.tif using Guid(1c2d94856a0846d46810faf0c4b38c22) Importer(815301076,1909f56bfc062723c751e8b465ee728b)  -> (artifact id: '7be0301daebdee1fed763b615acd7b08') in 0.051799 seconds 
  Import took 0.053825 seconds .

========================================================================
Received Import Request.
  Time since last request: 0.000366 seconds.
  path: Assets/F3_Corvette/Textures/F3_glow.tif
  artifactKey: Guid(138840311186e0945877b44cd56ef422) Importer(815301076,1909f56bfc062723c751e8b465ee728b)
Start importing Assets/F3_Corvette/Textures/F3_glow.tif using Guid(138840311186e0945877b44cd56ef422) Importer(815301076,1909f56bfc062723c751e8b465ee728b)  -> (artifact id: '5012e86597937d5054bf5a83166916e4') in 0.075950 seconds 
  Import took 0.105768 seconds .

========================================================================
Received Import Request.
  Time since last request: 0.000347 seconds.
  path: Assets/F3_Corvette/Textures/F3_normal.tif
  artifactKey: Guid(f6c7a92433d238a47a9cf48355a071ff) Importer(815301076,1909f56bfc062723c751e8b465ee728b)
Start importing Assets/F3_Corvette/Textures/F3_normal.tif using Guid(f6c7a92433d238a47a9cf48355a071ff) Importer(815301076,1909f56bfc062723c751e8b465ee728b)  -> (artifact id: '9ca440d752c3f43a570af0827c71eb8f') in 0.101419 seconds 
  Import took 0.131212 seconds .

========================================================================
Received Import Request.
  Time since last request: 2.834834 seconds.
  path: Assets/F3_Corvette/Meshes/F3_Green.FBX
  artifactKey: Guid(24d54da20b07b7d4bb94aa91d81e854b) Importer(815301076,1909f56bfc062723c751e8b465ee728b)
Start importing Assets/F3_Corvette/Meshes/F3_Green.FBX using Guid(24d54da20b07b7d4bb94aa91d81e854b) Importer(815301076,1909f56bfc062723c751e8b465ee728b)  -> (artifact id: '8632f152da7306ed040dd65e497190b7') in 1.707077 seconds 
  Import took 1.738072 seconds .

========================================================================
Received Import Request.
  Time since last request: 0.000338 seconds.
  path: Assets/F3_Corvette/Meshes/F3_Yellow.FBX
  artifactKey: Guid(cc3d5a73d5e4cf2498bffd1c3c5ad691) Importer(815301076,1909f56bfc062723c751e8b465ee728b)
Start importing Assets/F3_Corvette/Meshes/F3_Yellow.FBX using Guid(cc3d5a73d5e4cf2498bffd1c3c5ad691) Importer(815301076,1909f56bfc062723c751e8b465ee728b)  -> (artifact id: 'beb739752def8f7622836aedbdd663f4') in 0.211160 seconds 
  Import took 0.272571 seconds .

========================================================================
Received Import Request.
  Time since last request: 0.001239 seconds.
  path: Assets/F3_Corvette/Meshes/Materials/F3_Grey.mat
  artifactKey: Guid(f8d15df95b7ef5a4ead9604b3e5b6597) Importer(815301076,1909f56bfc062723c751e8b465ee728b)
Start importing Assets/F3_Corvette/Meshes/Materials/F3_Grey.mat using Guid(f8d15df95b7ef5a4ead9604b3e5b6597) Importer(815301076,1909f56bfc062723c751e8b465ee728b)  -> (artifact id: 'bdc5d16e5751029f27c6f135da1f9a0b') in 0.220845 seconds 
  Import took 0.278638 seconds .

========================================================================
Received Import Request.
  Time since last request: 0.000274 seconds.
  path: Assets/F3_Corvette/Meshes/F3_Grey.FBX
  artifactKey: Guid(7b5c9227d177ec248a8349ac8e0965be) Importer(815301076,1909f56bfc062723c751e8b465ee728b)
Start importing Assets/F3_Corvette/Meshes/F3_Grey.FBX using Guid(7b5c9227d177ec248a8349ac8e0965be) Importer(815301076,1909f56bfc062723c751e8b465ee728b)  -> (artifact id: '44c5db44a4d4eed8f8cd9fdd8ae0dfb1') in 0.107527 seconds 
  Import took 0.163334 seconds .

========================================================================
Received Import Request.
  Time since last request: 0.000354 seconds.
  path: Assets/F3_Corvette/Meshes/Materials/F3_Green.mat
  artifactKey: Guid(aa1e936803633064facac17fa9620e73) Importer(815301076,1909f56bfc062723c751e8b465ee728b)
Start importing Assets/F3_Corvette/Meshes/Materials/F3_Green.mat using Guid(aa1e936803633064facac17fa9620e73) Importer(815301076,1909f56bfc062723c751e8b465ee728b)  -> (artifact id: '85a664983a160397ecdb07b66536f1e9') in 0.054380 seconds 
  Import took 0.057116 seconds .

========================================================================
Received Import Request.
  Time since last request: 0.000426 seconds.
  path: Assets/F3_Corvette/Meshes/F3_Red.FBX
  artifactKey: Guid(8220d65260758dc4e8e264a8b326363f) Importer(815301076,1909f56bfc062723c751e8b465ee728b)
Start importing Assets/F3_Corvette/Meshes/F3_Red.FBX using Guid(8220d65260758dc4e8e264a8b326363f) Importer(815301076,1909f56bfc062723c751e8b465ee728b)  -> (artifact id: 'a574a97f759735926fa325ea5cb89d84') in 0.042113 seconds 
  Import took 0.069673 seconds .

========================================================================
Received Import Request.
  Time since last request: 0.000393 seconds.
  path: Assets/F3_Corvette/Meshes/Materials/F3_Red.mat
  artifactKey: Guid(21085cfc4f7ff8a4291ed42a85f27537) Importer(815301076,1909f56bfc062723c751e8b465ee728b)
Start importing Assets/F3_Corvette/Meshes/Materials/F3_Red.mat using Guid(21085cfc4f7ff8a4291ed42a85f27537) Importer(815301076,1909f56bfc062723c751e8b465ee728b)  -> (artifact id: '5704aebd7bde52c230997b507bd0f8fb') in 0.084770 seconds 
  Import took 0.161391 seconds .

========================================================================
Received Import Request.
  Time since last request: 0.000360 seconds.
  path: Assets/F3_Corvette/Meshes/Materials
  artifactKey: Guid(947ffb201ece7bc4cb809f3c05f619d0) Importer(815301076,1909f56bfc062723c751e8b465ee728b)
Start importing Assets/F3_Corvette/Meshes/Materials using Guid(947ffb201ece7bc4cb809f3c05f619d0) Importer(815301076,1909f56bfc062723c751e8b465ee728b)  -> (artifact id: '8de0a0004bb881eac6a420b3094c77d4') in 0.002776 seconds 
  Import took 0.004814 seconds .

========================================================================
Received Import Request.
  Time since last request: 0.000296 seconds.
  path: Assets/F3_Corvette/Meshes/Materials/F3_Yellow.mat
  artifactKey: Guid(defbdb8d47c401641be7b7c013675558) Importer(815301076,1909f56bfc062723c751e8b465ee728b)
Start importing Assets/F3_Corvette/Meshes/Materials/F3_Yellow.mat using Guid(defbdb8d47c401641be7b7c013675558) Importer(815301076,1909f56bfc062723c751e8b465ee728b)  -> (artifact id: '16c40636aaad8b055fec7184cbeb5342') in 0.099946 seconds 
  Import took 0.128921 seconds .

========================================================================
Received Import Request.
  Time since last request: 2.213046 seconds.
  path: Assets/F3_Corvette/Textures
  artifactKey: Guid(c12155d4d833e9c40bea0f8d196d7d5f) Importer(815301076,1909f56bfc062723c751e8b465ee728b)
Start importing Assets/F3_Corvette/Textures using Guid(c12155d4d833e9c40bea0f8d196d7d5f) Importer(815301076,1909f56bfc062723c751e8b465ee728b)  -> (artifact id: '197f03d20463ffe994a2ea6ee130db8b') in 0.004065 seconds 
  Import took 0.388845 seconds .

========================================================================
Received Import Request.
  Time since last request: 6.344536 seconds.
  path: Assets/F3_Corvette/Meshes
  artifactKey: Guid(dc9582259dc4bfe49a69d2f85886d525) Importer(815301076,1909f56bfc062723c751e8b465ee728b)
Start importing Assets/F3_Corvette/Meshes using Guid(dc9582259dc4bfe49a69d2f85886d525) Importer(815301076,1909f56bfc062723c751e8b465ee728b)  -> (artifact id: 'b716a7ad85e7bc3a6abc7fee31553825') in 0.003048 seconds 
  Import took 0.064606 seconds .

========================================================================
Received Import Request.
  Time since last request: 17.120704 seconds.
  path: Assets/Scenes/SampleScene.unity
  artifactKey: Guid(9fc0d4010bbf28b4594072e72b8655ab) Importer(815301076,1909f56bfc062723c751e8b465ee728b)
Start importing Assets/Scenes/SampleScene.unity using Guid(9fc0d4010bbf28b4594072e72b8655ab) Importer(815301076,1909f56bfc062723c751e8b465ee728b)  -> (artifact id: '85059f4f9e1a832ed95adaa0d25c5c4c') in 0.003677 seconds 
  Import took 0.006337 seconds .

========================================================================
Received Import Request.
  Time since last request: 1473.700079 seconds.
  path: Assets/Gamer Squid/Demo
  artifactKey: Guid(142d8fd593992d74d82324c26d901be6) Importer(815301076,1909f56bfc062723c751e8b465ee728b)
Start importing Assets/Gamer Squid/Demo using Guid(142d8fd593992d74d82324c26d901be6) Importer(815301076,1909f56bfc062723c751e8b465ee728b)  -> (artifact id: '42746d00c0d0d3f5b9e9113d23247ae5') in 0.004763 seconds 
  Import took 0.064470 seconds .

========================================================================
Received Import Request.
  Time since last request: 0.000384 seconds.
  path: Assets/Gamer Squid/Demo
  artifactKey: Guid(142d8fd593992d74d82324c26d901be6) Importer(815301076,1909f56bfc062723c751e8b465ee728b)
Start importing Assets/Gamer Squid/Demo using Guid(142d8fd593992d74d82324c26d901be6) Importer(815301076,1909f56bfc062723c751e8b465ee728b)  -> (artifact id: '42746d00c0d0d3f5b9e9113d23247ae5') in 0.002337 seconds 
  Import took 0.004758 seconds .

========================================================================
Received Import Request.
  Time since last request: 0.000676 seconds.
  path: Assets/Gamer Squid/Demo/Demo Terrain.asset
  artifactKey: Guid(3be5c0ae23bfbb94f8bf31b5de50b56b) Importer(815301076,1909f56bfc062723c751e8b465ee728b)
Start importing Assets/Gamer Squid/Demo/Demo Terrain.asset using Guid(3be5c0ae23bfbb94f8bf31b5de50b56b) Importer(815301076,1909f56bfc062723c751e8b465ee728b)  -> (artifact id: '85d9daace2e90cac511c94d87f1f4e5c') in 0.325426 seconds 
  Import took 0.387660 seconds .

========================================================================
Received Import Request.
  Time since last request: 0.990167 seconds.
  path: Assets/Gamer Squid/Demo/DemoSettings.lighting
  artifactKey: Guid(31ed072954a956648bd26db79db87a41) Importer(815301076,1909f56bfc062723c751e8b465ee728b)
Start importing Assets/Gamer Squid/Demo/DemoSettings.lighting using Guid(31ed072954a956648bd26db79db87a41) Importer(815301076,1909f56bfc062723c751e8b465ee728b) LightingSettings: switching bake backend from 1 to 0.
 -> (artifact id: 'd3fc8703cb091c25ac76ed76e15db094') in 0.006297 seconds 
  Import took 0.060460 seconds .

========================================================================
Received Import Request.
  Time since last request: 0.001524 seconds.
  path: Assets/Gamer Squid/Demo/DemoSettings.lighting
  artifactKey: Guid(31ed072954a956648bd26db79db87a41) Importer(815301076,1909f56bfc062723c751e8b465ee728b)
Start importing Assets/Gamer Squid/Demo/DemoSettings.lighting using Guid(31ed072954a956648bd26db79db87a41) Importer(815301076,1909f56bfc062723c751e8b465ee728b) LightingSettings: switching bake backend from 1 to 0.
 -> (artifact id: 'd3fc8703cb091c25ac76ed76e15db094') in 0.003697 seconds 
  Import took 0.006984 seconds .

========================================================================
Received Import Request.
  Time since last request: 0.395782 seconds.
  path: Assets/Gamer Squid/Demo/Demo.unity
  artifactKey: Guid(a85cc22a802d41d47bd0bb31dcd824ba) Importer(815301076,1909f56bfc062723c751e8b465ee728b)
Start importing Assets/Gamer Squid/Demo/Demo.unity using Guid(a85cc22a802d41d47bd0bb31dcd824ba) Importer(815301076,1909f56bfc062723c751e8b465ee728b)  -> (artifact id: 'bd0be5db5915854d303fcbedce445330') in 0.003862 seconds 
  Import took 0.006639 seconds .

========================================================================
Received Import Request.
  Time since last request: 1.187250 seconds.
  path: Assets/Gamer Squid/Demo/Environment
  artifactKey: Guid(9f105dcff39296b4eaea8d172161d944) Importer(815301076,1909f56bfc062723c751e8b465ee728b)
Start importing Assets/Gamer Squid/Demo/Environment using Guid(9f105dcff39296b4eaea8d172161d944) Importer(815301076,1909f56bfc062723c751e8b465ee728b)  -> (artifact id: 'ce5c5498f1307224392dc64f91cda84a') in 0.003331 seconds 
  Import took 0.006223 seconds .

========================================================================
Received Import Request.
  Time since last request: 35.022590 seconds.
  path: Assets
  artifactKey: Guid(00000000000000001000000000000000) Importer(815301076,1909f56bfc062723c751e8b465ee728b)
Start importing Assets using Guid(00000000000000001000000000000000) Importer(815301076,1909f56bfc062723c751e8b465ee728b)  -> (artifact id: '42d402b061de3733987d63b9cc3b64de') in 0.014875 seconds 
  Import took 0.018398 seconds .

========================================================================
Received Import Request.
  Time since last request: 6.146177 seconds.
  path: Assets/Prefabs
  artifactKey: Guid(a01ff4c62815ed44a929f028580ad042) Importer(815301076,1909f56bfc062723c751e8b465ee728b)
Start importing Assets/Prefabs using Guid(a01ff4c62815ed44a929f028580ad042) Importer(815301076,1909f56bfc062723c751e8b465ee728b)  -> (artifact id: '9052114a29a5f11fe8b3a8590607e366') in 0.002652 seconds 
  Import took 0.063370 seconds .

========================================================================
Received Import Request.
  Time since last request: 11.556538 seconds.
  path: Assets/F3_Corvette/Prefabs/CruiseFighter (Shiny Silver).prefab
  artifactKey: Guid(0b9ca543d42760e4797a1ac7217cf7cc) Importer(815301076,1909f56bfc062723c751e8b465ee728b)
Start importing Assets/F3_Corvette/Prefabs/CruiseFighter (Shiny Silver).prefab using Guid(0b9ca543d42760e4797a1ac7217cf7cc) Importer(815301076,1909f56bfc062723c751e8b465ee728b)  -> (artifact id: 'dbb1b02549b183fe6d7a6dd7ff597682') in 1.809772 seconds 
  Import took 1.816495 seconds .

========================================================================
Received Import Request.
  Time since last request: 10.710632 seconds.
  path: Assets/Gamer Squid
  artifactKey: Guid(183a22e228146b644ba59f067760fb88) Importer(815301076,1909f56bfc062723c751e8b465ee728b)
Start importing Assets/Gamer Squid using Guid(183a22e228146b644ba59f067760fb88) Importer(815301076,1909f56bfc062723c751e8b465ee728b)  -> (artifact id: '45239da380606d0d7e7ced80fe458cca') in 0.003421 seconds 
  Import took 0.101792 seconds .

========================================================================
Received Import Request.
  Time since last request: 1.641165 seconds.
  path: Assets/Gamer Squid/Assets
  artifactKey: Guid(95a90d397c41305448bd517841c2b052) Importer(815301076,1909f56bfc062723c751e8b465ee728b)
Start importing Assets/Gamer Squid/Assets using Guid(95a90d397c41305448bd517841c2b052) Importer(815301076,1909f56bfc062723c751e8b465ee728b)  -> (artifact id: 'efab54ade1dfe6a2544c58f93fdaa0e2') in 0.002673 seconds 
  Import took 0.155911 seconds .

========================================================================
Received Import Request.
  Time since last request: 1.036082 seconds.
  path: Assets/Gamer Squid/Assets/Prefabs
  artifactKey: Guid(ecd6309bf4c7e4e4ba96cd5e18e9010a) Importer(815301076,1909f56bfc062723c751e8b465ee728b)
Start importing Assets/Gamer Squid/Assets/Prefabs using Guid(ecd6309bf4c7e4e4ba96cd5e18e9010a) Importer(815301076,1909f56bfc062723c751e8b465ee728b)  -> (artifact id: 'd509a62f6c9bc52032f6a079607b3c67') in 0.002269 seconds 
  Import took 0.004784 seconds .

========================================================================
Received Import Request.
  Time since last request: 0.073449 seconds.
  path: Assets/Gamer Squid/Assets/Prefabs/CruiseFighter (Black and Gold).prefab
  artifactKey: Guid(a8ef9e2d88c66b546a6fc8dfeed1c8ca) Importer(815301076,1909f56bfc062723c751e8b465ee728b)
Start importing Assets/Gamer Squid/Assets/Prefabs/CruiseFighter (Black and Gold).prefab using Guid(a8ef9e2d88c66b546a6fc8dfeed1c8ca) Importer(815301076,1909f56bfc062723c751e8b465ee728b)  -> (artifact id: '99410f92b69a488906e5f194c29bf6a5') in 0.077125 seconds 
  Import took 0.084007 seconds .

========================================================================
Received Import Request.
  Time since last request: 0.000354 seconds.
  path: Assets/Gamer Squid/Assets/Prefabs/CruiseFighter (Iron Armor).prefab
  artifactKey: Guid(8549313ffd2dccc44af37f73d60acde3) Importer(815301076,1909f56bfc062723c751e8b465ee728b)
Start importing Assets/Gamer Squid/Assets/Prefabs/CruiseFighter (Iron Armor).prefab using Guid(8549313ffd2dccc44af37f73d60acde3) Importer(815301076,1909f56bfc062723c751e8b465ee728b)  -> (artifact id: '513a994365482a534892b99e8f055904') in 0.078679 seconds 
  Import took 0.085839 seconds .

========================================================================
Received Import Request.
  Time since last request: 0.000355 seconds.
  path: Assets/Gamer Squid/Assets/Prefabs/CruiseFighter (Shiny Red).prefab
  artifactKey: Guid(9f70ef996a4dad34e80b3763fcbc39f9) Importer(815301076,1909f56bfc062723c751e8b465ee728b)
Start importing Assets/Gamer Squid/Assets/Prefabs/CruiseFighter (Shiny Red).prefab using Guid(9f70ef996a4dad34e80b3763fcbc39f9) Importer(815301076,1909f56bfc062723c751e8b465ee728b)  -> (artifact id: '35258b02d5817a5c282e65ae4acb9ae2') in 0.073398 seconds 
  Import took 0.138065 seconds .

========================================================================
Received Import Request.
  Time since last request: 0.000359 seconds.
  path: Assets/Gamer Squid/Assets/Prefabs/CruiseFighter (Shiny Silver).prefab
  artifactKey: Guid(d45cd38fab4caff4fb282fac230099ff) Importer(815301076,1909f56bfc062723c751e8b465ee728b)
Start importing Assets/Gamer Squid/Assets/Prefabs/CruiseFighter (Shiny Silver).prefab using Guid(d45cd38fab4caff4fb282fac230099ff) Importer(815301076,1909f56bfc062723c751e8b465ee728b)  -> (artifact id: '2131e3cca6644e2fad4eba0b653e03a4') in 0.079695 seconds 
  Import took 0.147370 seconds .

========================================================================
Received Import Request.
  Time since last request: 0.000372 seconds.
  path: Assets/Gamer Squid/Assets/Prefabs/CruiseFighter (Copper).prefab
  artifactKey: Guid(acc665fc3f823024584ff8ca9b26cb1d) Importer(815301076,1909f56bfc062723c751e8b465ee728b)
Start importing Assets/Gamer Squid/Assets/Prefabs/CruiseFighter (Copper).prefab using Guid(acc665fc3f823024584ff8ca9b26cb1d) Importer(815301076,1909f56bfc062723c751e8b465ee728b)  -> (artifact id: '42f3dcb67a6dadd07639d0fe92a805e4') in 0.079010 seconds 
  Import took 0.085943 seconds .

========================================================================
Received Import Request.
  Time since last request: 0.000358 seconds.
  path: Assets/Gamer Squid/Assets/Prefabs/CruiseFighter (Old Red).prefab
  artifactKey: Guid(a3e9bd2d875ca52428801bc00f70c240) Importer(815301076,1909f56bfc062723c751e8b465ee728b)
Start importing Assets/Gamer Squid/Assets/Prefabs/CruiseFighter (Old Red).prefab using Guid(a3e9bd2d875ca52428801bc00f70c240) Importer(815301076,1909f56bfc062723c751e8b465ee728b)  -> (artifact id: '35bc52c58a0b3a12f5ada435f7777437') in 0.077638 seconds 
  Import took 0.084726 seconds .

========================================================================
Received Import Request.
  Time since last request: 16.087668 seconds.
  path: Assets/Prefabs/CruiseFighter (Shiny Silver) Variant.prefab
  artifactKey: Guid(a9d666db2699dcb43b6d8c7721f5306b) Importer(815301076,1909f56bfc062723c751e8b465ee728b)
Start importing Assets/Prefabs/CruiseFighter (Shiny Silver) Variant.prefab using Guid(a9d666db2699dcb43b6d8c7721f5306b) Importer(815301076,1909f56bfc062723c751e8b465ee728b)  -> (artifact id: '15347b294ab471b7f1efb8869ed25d32') in 0.079406 seconds 
  Import took 0.086216 seconds .

========================================================================
Received Import Request.
  Time since last request: 25.158388 seconds.
  path: Assets/Prefabs/F3_Red Variant.prefab
  artifactKey: Guid(4837028176273cd40a9fb91bd5c32bfb) Importer(815301076,1909f56bfc062723c751e8b465ee728b)
Start importing Assets/Prefabs/F3_Red Variant.prefab using Guid(4837028176273cd40a9fb91bd5c32bfb) Importer(815301076,1909f56bfc062723c751e8b465ee728b)  -> (artifact id: '839a6fd8b4195b97f1f3113e54bcc2b8') in 0.310547 seconds 
  Import took 0.313587 seconds .

========================================================================
Received Import Request.
  Time since last request: 713.449481 seconds.
  path: Assets/Scripts
  artifactKey: Guid(167378f5119f9f644ab2e2fb5eb2bb0c) Importer(815301076,1909f56bfc062723c751e8b465ee728b)
Start importing Assets/Scripts using Guid(167378f5119f9f644ab2e2fb5eb2bb0c) Importer(815301076,1909f56bfc062723c751e8b465ee728b)  -> (artifact id: '62608f51e54c0fe311c09f1202a60f1d') in 0.003773 seconds 
  Import took 0.110311 seconds .

========================================================================
Received Import Request.
  Time since last request: 15.854417 seconds.
  path: Assets/Scripts/BigBoid.cs
  artifactKey: Guid(0c02d97d38c6a7144b04af27898adcea) Importer(815301076,1909f56bfc062723c751e8b465ee728b)
Start importing Assets/Scripts/BigBoid.cs using Guid(0c02d97d38c6a7144b04af27898adcea) Importer(815301076,1909f56bfc062723c751e8b465ee728b)  -> (artifact id: '1771d12ea12ffdd296e799d0213d7031') in 0.185403 seconds 
  Import took 0.187601 seconds .

========================================================================
Received Prepare
Registering precompiled user dll's ...
Registered in 0.079904 seconds.
Begin MonoManager ReloadAssembly
Native extension for WindowsStandalone target not found
Refreshing native plugins compatible for Editor in 0.30 ms, found 2 plugins.
Preloading 0 native plugins for Editor in 0.00 ms.
Mono: successfully reloaded assembly
- Completed reload, in  1.007 seconds
Domain Reload Profiling:
	ReloadAssembly (1007ms)
		BeginReloadAssembly (123ms)
			ExecutionOrderSort (0ms)
			DisableScriptedObjects (4ms)
			BackupInstance (0ms)
			ReleaseScriptingObjects (0ms)
			CreateAndSetChildDomain (44ms)
		EndReloadAssembly (832ms)
			LoadAssemblies (93ms)
			RebuildTransferFunctionScriptingTraits (0ms)
			SetupTypeCache (246ms)
			ReleaseScriptCaches (1ms)
			RebuildScriptCaches (34ms)
			SetupLoadedEditorAssemblies (271ms)
				LogAssemblyErrors (0ms)
				InitializePlatformSupportModulesInManaged (5ms)
				SetLoadedEditorAssemblies (0ms)
				RefreshPlugins (0ms)
				BeforeProcessingInitializeOnLoad (84ms)
				ProcessInitializeOnLoadAttributes (175ms)
				ProcessInitializeOnLoadMethodAttributes (4ms)
				AfterProcessingInitializeOnLoad (2ms)
				EditorAssembliesLoaded (0ms)
			ExecutionOrderSort2 (0ms)
			AwakeInstancesAfterBackupRestoration (6ms)
Platform modules already initialized, skipping
Refreshing native plugins compatible for Editor in 0.28 ms, found 2 plugins.
Preloading 0 native plugins for Editor in 0.00 ms.
Unloading 1386 Unused Serialized files (Serialized files now loaded: 0)
System memory in use before: 72.2 MB.
System memory in use after: 71.7 MB.

Unloading 18 unused Assets to reduce memory usage. Loaded Objects now: 1876.
Total: 2.514600 ms (FindLiveObjects: 0.148100 ms CreateObjectMapping: 0.038100 ms MarkObjects: 1.964700 ms  DeleteObjects: 0.363000 ms)

AssetImportParameters requested are different than current active one (requested -> active):
  custom:framework-win-MediaFoundation: 216162199b28c13a410421893ffa2e32 -> 
  custom:video-decoder-ogg-theora: a1e56fd34408186e4bbccfd4996cb3dc -> 
  custom:container-muxer-webm: aa71ff27fc2769a1b78a27578f13a17b -> 
  custom:container-demuxer-webm: 4f35f7cbe854078d1ac9338744f61a02 -> 
  custom:container-demuxer-ogg: 62fdf1f143b41e24485cea50d1cbac27 -> 
  custom:video-encoder-webm-vp8: eb34c28f22e8b96e1ab97ce403110664 -> 
  custom:video-codec-MediaFoundation-h265: 746d11721c4dcdbdad8f713fa42b33f4 -> 
  custom:video-decoder-webm-vp8: 9c59270c3fd7afecdb556c50c9e8de78 -> 
  custom:audio-decoder-ogg-vorbis: bf7c407c2cedff20999df2af8eb42d56 -> 
  custom:audio-encoder-webm-vorbis: bf7c407c2cedff20999df2af8eb42d56 -> 
========================================================================
Received Prepare
Registering precompiled user dll's ...
Registered in 0.003198 seconds.
Begin MonoManager ReloadAssembly
Native extension for WindowsStandalone target not found
Refreshing native plugins compatible for Editor in 0.29 ms, found 2 plugins.
Preloading 0 native plugins for Editor in 0.00 ms.
Mono: successfully reloaded assembly
- Completed reload, in  0.921 seconds
Domain Reload Profiling:
	ReloadAssembly (921ms)
		BeginReloadAssembly (105ms)
			ExecutionOrderSort (0ms)
			DisableScriptedObjects (4ms)
			BackupInstance (0ms)
			ReleaseScriptingObjects (0ms)
			CreateAndSetChildDomain (29ms)
		EndReloadAssembly (764ms)
			LoadAssemblies (96ms)
			RebuildTransferFunctionScriptingTraits (0ms)
			SetupTypeCache (285ms)
			ReleaseScriptCaches (2ms)
			RebuildScriptCaches (35ms)
			SetupLoadedEditorAssemblies (271ms)
				LogAssemblyErrors (0ms)
				InitializePlatformSupportModulesInManaged (4ms)
				SetLoadedEditorAssemblies (0ms)
				RefreshPlugins (0ms)
				BeforeProcessingInitializeOnLoad (93ms)
				ProcessInitializeOnLoadAttributes (165ms)
				ProcessInitializeOnLoadMethodAttributes (4ms)
				AfterProcessingInitializeOnLoad (3ms)
				EditorAssembliesLoaded (0ms)
			ExecutionOrderSort2 (0ms)
			AwakeInstancesAfterBackupRestoration (6ms)
Platform modules already initialized, skipping
Refreshing native plugins compatible for Editor in 0.29 ms, found 2 plugins.
Preloading 0 native plugins for Editor in 0.00 ms.
Unloading 1386 Unused Serialized files (Serialized files now loaded: 0)
System memory in use before: 71.6 MB.
System memory in use after: 71.7 MB.

Unloading 14 unused Assets to reduce memory usage. Loaded Objects now: 1879.
Total: 1.778500 ms (FindLiveObjects: 0.132700 ms CreateObjectMapping: 0.038400 ms MarkObjects: 1.560700 ms  DeleteObjects: 0.045900 ms)

AssetImportParameters requested are different than current active one (requested -> active):
  custom:framework-win-MediaFoundation: 216162199b28c13a410421893ffa2e32 -> 
  custom:video-decoder-ogg-theora: a1e56fd34408186e4bbccfd4996cb3dc -> 
  custom:container-muxer-webm: aa71ff27fc2769a1b78a27578f13a17b -> 
  custom:container-demuxer-webm: 4f35f7cbe854078d1ac9338744f61a02 -> 
  custom:container-demuxer-ogg: 62fdf1f143b41e24485cea50d1cbac27 -> 
  custom:video-encoder-webm-vp8: eb34c28f22e8b96e1ab97ce403110664 -> 
  custom:video-codec-MediaFoundation-h265: 746d11721c4dcdbdad8f713fa42b33f4 -> 
  custom:video-decoder-webm-vp8: 9c59270c3fd7afecdb556c50c9e8de78 -> 
  custom:audio-decoder-ogg-vorbis: bf7c407c2cedff20999df2af8eb42d56 -> 
  custom:audio-encoder-webm-vorbis: bf7c407c2cedff20999df2af8eb42d56 -> 
========================================================================
Received Import Request.
  Time since last request: 713.745666 seconds.
  path: Assets/Scripts/BigBoid.cs
  artifactKey: Guid(0c02d97d38c6a7144b04af27898adcea) Importer(815301076,1909f56bfc062723c751e8b465ee728b)
Start importing Assets/Scripts/BigBoid.cs using Guid(0c02d97d38c6a7144b04af27898adcea) Importer(815301076,1909f56bfc062723c751e8b465ee728b)  -> (artifact id: 'b8d3916e0251d564fe21f1930c3c4742') in 0.011841 seconds 
  Import took 0.027063 seconds .

AssetImportWorkerClient::OnTransportError - code=2 error=End of file
